2019/10/09 09:56:39 server.go:3012: http: superfluous response.WriteHeader call from github.com/tetsuzawa/go-3daudio/app/controllers.viewHRTFHandler (webserver.go:33)
2019/10/10 15:58:14 main.go:18: no such table: tetsu
2019/10/10 16:00:10 main.go:18: table hrtf_data has no column named age
2019/10/10 17:03:26 server.go:3012: http: superfluous response.WriteHeader call from github.com/tetsuzawa/go-3daudio/app/controllers.viewHRTFHandler (webserver.go:42)
2019/10/10 18:09:11 server.go:3012: http: superfluous response.WriteHeader call from github.com/tetsuzawa/go-3daudio/app/controllers.viewHRTFHandler (webserver.go:45)
2019/10/10 18:09:23 server.go:3012: http: superfluous response.WriteHeader call from github.com/tetsuzawa/go-3daudio/app/controllers.viewHRTFHandler (webserver.go:45)
2019/10/10 18:09:28 server.go:3012: http: superfluous response.WriteHeader call from github.com/tetsuzawa/go-3daudio/app/controllers.viewHRTFHandler (webserver.go:45)
2019/10/10 18:16:39 server.go:3012: http: superfluous response.WriteHeader call from github.com/tetsuzawa/go-3daudio/app/controllers.viewHRTFHandler (webserver.go:45)
2019/10/10 18:16:40 server.go:3012: http: superfluous response.WriteHeader call from github.com/tetsuzawa/go-3daudio/app/controllers.viewHRTFHandler (webserver.go:45)
2019/10/14 09:50:45 hrtf.go:59: sql: no rows in result set
2019/10/14 09:50:45 server.go:3012: http: superfluous response.WriteHeader call from github.com/tetsuzawa/go-3daudio/app/controllers.viewHRTFHandler (webserver.go:45)
2019/10/14 09:50:46 hrtf.go:59: sql: no rows in result set
2019/10/14 09:50:46 server.go:3012: http: superfluous response.WriteHeader call from github.com/tetsuzawa/go-3daudio/app/controllers.viewHRTFHandler (webserver.go:45)
2019/10/14 09:50:53 hrtf.go:59: sql: no rows in result set
2019/10/14 09:50:53 server.go:3012: http: superfluous response.WriteHeader call from github.com/tetsuzawa/go-3daudio/app/controllers.viewHRTFHandler (webserver.go:45)
2019/10/14 09:50:59 hrtf.go:59: sql: no rows in result set
2019/10/14 09:50:59 server.go:3012: http: superfluous response.WriteHeader call from github.com/tetsuzawa/go-3daudio/app/controllers.viewHRTFHandler (webserver.go:45)
2019/10/14 12:24:30 hrtf.go:59: sql: no rows in result set
2019/10/14 12:24:30 main.go:27: sql: no rows in result set
2019/10/14 12:33:57 hrtf.go:59: sql: no rows in result set
2019/10/14 12:33:57 server.go:3012: http: superfluous response.WriteHeader call from github.com/tetsuzawa/go-3daudio/app/controllers.viewHRTFHandler (webserver.go:83)
2019/10/14 12:33:58 hrtf.go:59: sql: no rows in result set
2019/10/14 12:33:58 server.go:3012: http: superfluous response.WriteHeader call from github.com/tetsuzawa/go-3daudio/app/controllers.viewHRTFHandler (webserver.go:83)
2019/10/14 12:34:10 hrtf.go:59: sql: no rows in result set
2019/10/14 12:34:10 server.go:3012: http: superfluous response.WriteHeader call from github.com/tetsuzawa/go-3daudio/app/controllers.viewHRTFHandler (webserver.go:83)
2019/10/14 12:34:24 hrtf.go:59: sql: no rows in result set
2019/10/14 12:34:24 server.go:3012: http: superfluous response.WriteHeader call from github.com/tetsuzawa/go-3daudio/app/controllers.viewHRTFHandler (webserver.go:83)
2019/10/14 12:35:16 hrtf.go:59: sql: no rows in result set
2019/10/14 12:35:16 server.go:3012: http: superfluous response.WriteHeader call from github.com/tetsuzawa/go-3daudio/app/controllers.viewHRTFHandler (webserver.go:83)
2019/10/14 12:35:18 hrtf.go:59: sql: no rows in result set
2019/10/14 12:35:18 server.go:3012: http: superfluous response.WriteHeader call from github.com/tetsuzawa/go-3daudio/app/controllers.viewHRTFHandler (webserver.go:83)
2019/10/14 12:35:21 hrtf.go:59: sql: no rows in result set
2019/10/14 12:35:21 server.go:3012: http: superfluous response.WriteHeader call from github.com/tetsuzawa/go-3daudio/app/controllers.viewHRTFHandler (webserver.go:83)
2019/10/14 12:35:21 hrtf.go:59: sql: no rows in result set
2019/10/14 12:35:21 server.go:3012: http: superfluous response.WriteHeader call from github.com/tetsuzawa/go-3daudio/app/controllers.viewHRTFHandler (webserver.go:83)
2019/10/14 12:36:28 hrtf.go:59: sql: no rows in result set
2019/10/14 12:36:28 server.go:3012: http: superfluous response.WriteHeader call from github.com/tetsuzawa/go-3daudio/app/controllers.viewHRTFHandler (webserver.go:83)
2019/10/14 12:36:29 hrtf.go:59: sql: no rows in result set
2019/10/14 12:36:29 server.go:3012: http: superfluous response.WriteHeader call from github.com/tetsuzawa/go-3daudio/app/controllers.viewHRTFHandler (webserver.go:83)
2019/10/14 12:36:33 hrtf.go:59: sql: no rows in result set
2019/10/14 12:36:33 server.go:3012: http: superfluous response.WriteHeader call from github.com/tetsuzawa/go-3daudio/app/controllers.viewHRTFHandler (webserver.go:83)
2019/10/14 12:36:33 hrtf.go:59: sql: no rows in result set
2019/10/14 12:36:33 server.go:3012: http: superfluous response.WriteHeader call from github.com/tetsuzawa/go-3daudio/app/controllers.viewHRTFHandler (webserver.go:83)
2019/10/14 12:36:36 hrtf.go:59: sql: no rows in result set
2019/10/14 12:36:36 server.go:3012: http: superfluous response.WriteHeader call from github.com/tetsuzawa/go-3daudio/app/controllers.viewHRTFHandler (webserver.go:83)
2019/10/14 12:36:36 hrtf.go:59: sql: no rows in result set
2019/10/14 12:36:36 server.go:3012: http: superfluous response.WriteHeader call from github.com/tetsuzawa/go-3daudio/app/controllers.viewHRTFHandler (webserver.go:83)
2019/10/14 12:39:08 hrtf.go:59: sql: no rows in result set
2019/10/14 12:39:08 server.go:3012: http: superfluous response.WriteHeader call from github.com/tetsuzawa/go-3daudio/app/controllers.viewHRTFHandler (webserver.go:83)
2019/10/14 12:42:23 hrtf.go:59: sql: no rows in result set
2019/10/14 12:42:23 server.go:3012: http: superfluous response.WriteHeader call from github.com/tetsuzawa/go-3daudio/app/controllers.viewHRTFHandler (webserver.go:83)
2019/10/14 12:42:41 hrtf.go:59: sql: no rows in result set
2019/10/14 12:42:41 server.go:3012: http: superfluous response.WriteHeader call from github.com/tetsuzawa/go-3daudio/app/controllers.viewHRTFHandler (webserver.go:83)
2019/10/14 12:42:41 hrtf.go:59: sql: no rows in result set
2019/10/14 12:42:41 server.go:3012: http: superfluous response.WriteHeader call from github.com/tetsuzawa/go-3daudio/app/controllers.viewHRTFHandler (webserver.go:83)
2019/10/14 13:40:09 hrtf.go:59: sql: no rows in result set
2019/10/14 13:40:09 server.go:3012: http: superfluous response.WriteHeader call from github.com/tetsuzawa/go-3daudio/app/controllers.viewHRTFHandler (webserver.go:83)
2019/10/14 13:43:10 server.go:3012: http: superfluous response.WriteHeader call from github.com/tetsuzawa/go-3daudio/app/controllers.viewHRTFHandler (webserver.go:47)
2019/10/14 13:43:10 server.go:3012: http: superfluous response.WriteHeader call from github.com/tetsuzawa/go-3daudio/app/controllers.viewHRTFHandler (webserver.go:51)
2019/10/14 13:43:10 server.go:3012: http: superfluous response.WriteHeader call from github.com/tetsuzawa/go-3daudio/app/controllers.viewHRTFHandler (webserver.go:55)
2019/10/14 13:43:10 server.go:3012: http: superfluous response.WriteHeader call from github.com/tetsuzawa/go-3daudio/app/controllers.viewHRTFHandler (webserver.go:83)
2019/10/14 13:45:03 webserver.go:43: strconv.Atoi: parsing "": invalid syntax
2019/10/14 13:45:03 webserver.go:48: strconv.Atoi: parsing "": invalid syntax
2019/10/14 13:45:03 server.go:3012: http: superfluous response.WriteHeader call from github.com/tetsuzawa/go-3daudio/app/controllers.viewHRTFHandler (webserver.go:49)
2019/10/14 13:45:03 webserver.go:53: strconv.Atoi: parsing "": invalid syntax
2019/10/14 13:45:03 server.go:3012: http: superfluous response.WriteHeader call from github.com/tetsuzawa/go-3daudio/app/controllers.viewHRTFHandler (webserver.go:54)
2019/10/14 13:45:03 webserver.go:58: strconv.Atoi: parsing "": invalid syntax
2019/10/14 13:45:03 server.go:3012: http: superfluous response.WriteHeader call from github.com/tetsuzawa/go-3daudio/app/controllers.viewHRTFHandler (webserver.go:59)
2019/10/14 13:45:03 server.go:3012: http: superfluous response.WriteHeader call from github.com/tetsuzawa/go-3daudio/app/controllers.viewHRTFHandler (webserver.go:88)
2019/10/14 20:16:09 webserver.go:50: strconv.Atoi: parsing "": invalid syntax
2019/10/14 20:16:09 webserver.go:55: strconv.Atoi: parsing "": invalid syntax
2019/10/14 20:16:09 server.go:3012: http: superfluous response.WriteHeader call from github.com/tetsuzawa/go-3daudio/app/controllers.viewHRTFHandler (webserver.go:56)
2019/10/14 20:16:09 webserver.go:60: strconv.Atoi: parsing "": invalid syntax
2019/10/14 20:16:09 server.go:3012: http: superfluous response.WriteHeader call from github.com/tetsuzawa/go-3daudio/app/controllers.viewHRTFHandler (webserver.go:61)
2019/10/14 20:16:09 webserver.go:65: strconv.Atoi: parsing "": invalid syntax
2019/10/14 20:16:09 server.go:3012: http: superfluous response.WriteHeader call from github.com/tetsuzawa/go-3daudio/app/controllers.viewHRTFHandler (webserver.go:66)
2019/10/14 20:16:09 server.go:3012: http: superfluous response.WriteHeader call from github.com/tetsuzawa/go-3daudio/app/controllers.viewHRTFHandler (webserver.go:93)
2019/10/14 20:16:49 webserver.go:50: strconv.Atoi: parsing "": invalid syntax
2019/10/14 20:16:49 webserver.go:55: strconv.Atoi: parsing "": invalid syntax
2019/10/14 20:16:49 server.go:3012: http: superfluous response.WriteHeader call from github.com/tetsuzawa/go-3daudio/app/controllers.viewHRTFHandler (webserver.go:56)
2019/10/14 20:16:49 webserver.go:60: strconv.Atoi: parsing "": invalid syntax
2019/10/14 20:16:49 server.go:3012: http: superfluous response.WriteHeader call from github.com/tetsuzawa/go-3daudio/app/controllers.viewHRTFHandler (webserver.go:61)
2019/10/14 20:16:49 webserver.go:65: strconv.Atoi: parsing "": invalid syntax
2019/10/14 20:16:49 server.go:3012: http: superfluous response.WriteHeader call from github.com/tetsuzawa/go-3daudio/app/controllers.viewHRTFHandler (webserver.go:66)
2019/10/14 20:16:49 server.go:3012: http: superfluous response.WriteHeader call from github.com/tetsuzawa/go-3daudio/app/controllers.viewHRTFHandler (webserver.go:93)
2019/10/14 20:17:14 webserver.go:50: strconv.Atoi: parsing "": invalid syntax
2019/10/14 20:17:14 webserver.go:60: strconv.Atoi: parsing "": invalid syntax
2019/10/14 20:17:14 server.go:3012: http: superfluous response.WriteHeader call from github.com/tetsuzawa/go-3daudio/app/controllers.viewHRTFHandler (webserver.go:61)
2019/10/14 20:17:14 webserver.go:65: strconv.Atoi: parsing "": invalid syntax
2019/10/14 20:17:14 server.go:3012: http: superfluous response.WriteHeader call from github.com/tetsuzawa/go-3daudio/app/controllers.viewHRTFHandler (webserver.go:66)
2019/10/14 20:17:14 server.go:3012: http: superfluous response.WriteHeader call from github.com/tetsuzawa/go-3daudio/app/controllers.viewHRTFHandler (webserver.go:93)
2019/10/14 20:18:18 webserver.go:50: strconv.Atoi: parsing "": invalid syntax
2019/10/14 20:18:18 webserver.go:60: strconv.Atoi: parsing "": invalid syntax
2019/10/14 20:18:18 server.go:3012: http: superfluous response.WriteHeader call from github.com/tetsuzawa/go-3daudio/app/controllers.viewHRTFHandler (webserver.go:61)
2019/10/14 20:18:18 webserver.go:65: strconv.Atoi: parsing "": invalid syntax
2019/10/14 20:18:18 server.go:3012: http: superfluous response.WriteHeader call from github.com/tetsuzawa/go-3daudio/app/controllers.viewHRTFHandler (webserver.go:66)
2019/10/14 20:18:18 server.go:3012: http: superfluous response.WriteHeader call from github.com/tetsuzawa/go-3daudio/app/controllers.viewHRTFHandler (webserver.go:93)
2019/10/14 20:34:01 webserver.go:53: strconv.Atoi: parsing "": invalid syntax
2019/10/14 20:34:01 webserver.go:63: strconv.Atoi: parsing "": invalid syntax
2019/10/14 20:34:01 server.go:3012: http: superfluous response.WriteHeader call from github.com/tetsuzawa/go-3daudio/app/controllers.viewHRTFHandler (webserver.go:64)
2019/10/14 20:34:01 webserver.go:68: strconv.Atoi: parsing "": invalid syntax
2019/10/14 20:34:01 server.go:3012: http: superfluous response.WriteHeader call from github.com/tetsuzawa/go-3daudio/app/controllers.viewHRTFHandler (webserver.go:69)
2019/10/14 20:34:01 webserver.go:79: request Content-Type isn't multipart/form-data
2019/10/14 20:34:01 server.go:3012: http: superfluous response.WriteHeader call from github.com/tetsuzawa/go-3daudio/app/controllers.viewHRTFHandler (webserver.go:119)
2019/10/14 20:34:06 hrtf.go:59: sql: no rows in result set
2019/10/14 20:34:06 server.go:3012: http: superfluous response.WriteHeader call from github.com/tetsuzawa/go-3daudio/app/controllers.viewHRTFHandler (webserver.go:119)
2019/10/14 20:34:12 webserver.go:53: strconv.Atoi: parsing "": invalid syntax
2019/10/14 20:34:12 webserver.go:58: strconv.Atoi: parsing "": invalid syntax
2019/10/14 20:34:12 server.go:3012: http: superfluous response.WriteHeader call from github.com/tetsuzawa/go-3daudio/app/controllers.viewHRTFHandler (webserver.go:59)
2019/10/14 20:34:12 webserver.go:63: strconv.Atoi: parsing "": invalid syntax
2019/10/14 20:34:12 server.go:3012: http: superfluous response.WriteHeader call from github.com/tetsuzawa/go-3daudio/app/controllers.viewHRTFHandler (webserver.go:64)
2019/10/14 20:34:12 webserver.go:68: strconv.Atoi: parsing "": invalid syntax
2019/10/14 20:34:12 server.go:3012: http: superfluous response.WriteHeader call from github.com/tetsuzawa/go-3daudio/app/controllers.viewHRTFHandler (webserver.go:69)
2019/10/14 20:34:12 server.go:3012: http: superfluous response.WriteHeader call from github.com/tetsuzawa/go-3daudio/app/controllers.viewHRTFHandler (webserver.go:119)
2019/10/14 20:34:39 webserver.go:53: strconv.Atoi: parsing "": invalid syntax
2019/10/14 20:34:39 webserver.go:58: strconv.Atoi: parsing "": invalid syntax
2019/10/14 20:34:39 server.go:3012: http: superfluous response.WriteHeader call from github.com/tetsuzawa/go-3daudio/app/controllers.viewHRTFHandler (webserver.go:59)
2019/10/14 20:34:39 webserver.go:63: strconv.Atoi: parsing "": invalid syntax
2019/10/14 20:34:39 server.go:3012: http: superfluous response.WriteHeader call from github.com/tetsuzawa/go-3daudio/app/controllers.viewHRTFHandler (webserver.go:64)
2019/10/14 20:34:39 webserver.go:68: strconv.Atoi: parsing "": invalid syntax
2019/10/14 20:34:39 server.go:3012: http: superfluous response.WriteHeader call from github.com/tetsuzawa/go-3daudio/app/controllers.viewHRTFHandler (webserver.go:69)
2019/10/14 20:34:39 server.go:3012: http: superfluous response.WriteHeader call from github.com/tetsuzawa/go-3daudio/app/controllers.viewHRTFHandler (webserver.go:119)
2019/10/19 14:45:18 server.go:3055: http: panic serving [::1]:50425: runtime error: invalid memory address or nil pointer dereference
goroutine 37 [running]:
net/http.(*conn).serve.func1(0xc0000d4780)
	/usr/local/Cellar/go/1.13.1/libexec/src/net/http/server.go:1767 +0x139
panic(0x4535120, 0x490c700)
	/usr/local/Cellar/go/1.13.1/libexec/src/runtime/panic.go:679 +0x1b2
github.com/tetsuzawa/go-3daudio/app/controllers.viewHRTFHandler(0x4646300, 0xc0001fa2a0, 0xc00020a200)
	/Users/tetsu/go/src/github.com/tetsuzawa/go-3daudio/app/controllers/webserver.go:115 +0x2eb
net/http.HandlerFunc.ServeHTTP(0x45caf90, 0x4646300, 0xc0001fa2a0, 0xc00020a200)
	/usr/local/Cellar/go/1.13.1/libexec/src/net/http/server.go:2007 +0x44
net/http.(*ServeMux).ServeHTTP(0x491ede0, 0x4646300, 0xc0001fa2a0, 0xc00020a200)
	/usr/local/Cellar/go/1.13.1/libexec/src/net/http/server.go:2387 +0x1bd
net/http.serverHandler.ServeHTTP(0xc0000220e0, 0x4646300, 0xc0001fa2a0, 0xc00020a200)
	/usr/local/Cellar/go/1.13.1/libexec/src/net/http/server.go:2802 +0xa4
net/http.(*conn).serve(0xc0000d4780, 0x4646ec0, 0xc000104900)
	/usr/local/Cellar/go/1.13.1/libexec/src/net/http/server.go:1890 +0x875
created by net/http.(*Server).Serve
	/usr/local/Cellar/go/1.13.1/libexec/src/net/http/server.go:2927 +0x38e
2019/10/19 14:45:18 server.go:3055: http: panic serving [::1]:50465: runtime error: invalid memory address or nil pointer dereference
goroutine 52 [running]:
net/http.(*conn).serve.func1(0xc00020c0a0)
	/usr/local/Cellar/go/1.13.1/libexec/src/net/http/server.go:1767 +0x139
panic(0x4535120, 0x490c700)
	/usr/local/Cellar/go/1.13.1/libexec/src/runtime/panic.go:679 +0x1b2
github.com/tetsuzawa/go-3daudio/app/controllers.viewHRTFHandler(0x4646300, 0xc0001b80e0, 0xc000166a00)
	/Users/tetsu/go/src/github.com/tetsuzawa/go-3daudio/app/controllers/webserver.go:115 +0x2eb
net/http.HandlerFunc.ServeHTTP(0x45caf90, 0x4646300, 0xc0001b80e0, 0xc000166a00)
	/usr/local/Cellar/go/1.13.1/libexec/src/net/http/server.go:2007 +0x44
net/http.(*ServeMux).ServeHTTP(0x491ede0, 0x4646300, 0xc0001b80e0, 0xc000166a00)
	/usr/local/Cellar/go/1.13.1/libexec/src/net/http/server.go:2387 +0x1bd
net/http.serverHandler.ServeHTTP(0xc0000220e0, 0x4646300, 0xc0001b80e0, 0xc000166a00)
	/usr/local/Cellar/go/1.13.1/libexec/src/net/http/server.go:2802 +0xa4
net/http.(*conn).serve(0xc00020c0a0, 0x4646ec0, 0xc0001049c0)
	/usr/local/Cellar/go/1.13.1/libexec/src/net/http/server.go:1890 +0x875
created by net/http.(*Server).Serve
	/usr/local/Cellar/go/1.13.1/libexec/src/net/http/server.go:2927 +0x38e
2019/10/19 14:45:18 server.go:3055: http: panic serving [::1]:50468: runtime error: invalid memory address or nil pointer dereference
goroutine 55 [running]:
net/http.(*conn).serve.func1(0xc00020c140)
	/usr/local/Cellar/go/1.13.1/libexec/src/net/http/server.go:1767 +0x139
panic(0x4535120, 0x490c700)
	/usr/local/Cellar/go/1.13.1/libexec/src/runtime/panic.go:679 +0x1b2
github.com/tetsuzawa/go-3daudio/app/controllers.viewHRTFHandler(0x4646300, 0xc0001fa380, 0xc000166b00)
	/Users/tetsu/go/src/github.com/tetsuzawa/go-3daudio/app/controllers/webserver.go:115 +0x2eb
net/http.HandlerFunc.ServeHTTP(0x45caf90, 0x4646300, 0xc0001fa380, 0xc000166b00)
	/usr/local/Cellar/go/1.13.1/libexec/src/net/http/server.go:2007 +0x44
net/http.(*ServeMux).ServeHTTP(0x491ede0, 0x4646300, 0xc0001fa380, 0xc000166b00)
	/usr/local/Cellar/go/1.13.1/libexec/src/net/http/server.go:2387 +0x1bd
net/http.serverHandler.ServeHTTP(0xc0000220e0, 0x4646300, 0xc0001fa380, 0xc000166b00)
	/usr/local/Cellar/go/1.13.1/libexec/src/net/http/server.go:2802 +0xa4
net/http.(*conn).serve(0xc00020c140, 0x4646ec0, 0xc000104ac0)
	/usr/local/Cellar/go/1.13.1/libexec/src/net/http/server.go:1890 +0x875
created by net/http.(*Server).Serve
	/usr/local/Cellar/go/1.13.1/libexec/src/net/http/server.go:2927 +0x38e
2019/10/19 14:45:18 server.go:3055: http: panic serving [::1]:50471: runtime error: invalid memory address or nil pointer dereference
goroutine 57 [running]:
net/http.(*conn).serve.func1(0xc00020c1e0)
	/usr/local/Cellar/go/1.13.1/libexec/src/net/http/server.go:1767 +0x139
panic(0x4535120, 0x490c700)
	/usr/local/Cellar/go/1.13.1/libexec/src/runtime/panic.go:679 +0x1b2
github.com/tetsuzawa/go-3daudio/app/controllers.viewHRTFHandler(0x4646300, 0xc0001b81c0, 0xc000160400)
	/Users/tetsu/go/src/github.com/tetsuzawa/go-3daudio/app/controllers/webserver.go:115 +0x2eb
net/http.HandlerFunc.ServeHTTP(0x45caf90, 0x4646300, 0xc0001b81c0, 0xc000160400)
	/usr/local/Cellar/go/1.13.1/libexec/src/net/http/server.go:2007 +0x44
net/http.(*ServeMux).ServeHTTP(0x491ede0, 0x4646300, 0xc0001b81c0, 0xc000160400)
	/usr/local/Cellar/go/1.13.1/libexec/src/net/http/server.go:2387 +0x1bd
net/http.serverHandler.ServeHTTP(0xc0000220e0, 0x4646300, 0xc0001b81c0, 0xc000160400)
	/usr/local/Cellar/go/1.13.1/libexec/src/net/http/server.go:2802 +0xa4
net/http.(*conn).serve(0xc00020c1e0, 0x4646ec0, 0xc000030340)
	/usr/local/Cellar/go/1.13.1/libexec/src/net/http/server.go:1890 +0x875
created by net/http.(*Server).Serve
	/usr/local/Cellar/go/1.13.1/libexec/src/net/http/server.go:2927 +0x38e
2019/10/19 14:45:18 server.go:3055: http: panic serving [::1]:50472: runtime error: invalid memory address or nil pointer dereference
goroutine 58 [running]:
net/http.(*conn).serve.func1(0xc00020c280)
	/usr/local/Cellar/go/1.13.1/libexec/src/net/http/server.go:1767 +0x139
panic(0x4535120, 0x490c700)
	/usr/local/Cellar/go/1.13.1/libexec/src/runtime/panic.go:679 +0x1b2
github.com/tetsuzawa/go-3daudio/app/controllers.viewHRTFHandler(0x4646300, 0xc0001fa460, 0xc000166c00)
	/Users/tetsu/go/src/github.com/tetsuzawa/go-3daudio/app/controllers/webserver.go:115 +0x2eb
net/http.HandlerFunc.ServeHTTP(0x45caf90, 0x4646300, 0xc0001fa460, 0xc000166c00)
	/usr/local/Cellar/go/1.13.1/libexec/src/net/http/server.go:2007 +0x44
net/http.(*ServeMux).ServeHTTP(0x491ede0, 0x4646300, 0xc0001fa460, 0xc000166c00)
	/usr/local/Cellar/go/1.13.1/libexec/src/net/http/server.go:2387 +0x1bd
net/http.serverHandler.ServeHTTP(0xc0000220e0, 0x4646300, 0xc0001fa460, 0xc000166c00)
	/usr/local/Cellar/go/1.13.1/libexec/src/net/http/server.go:2802 +0xa4
net/http.(*conn).serve(0xc00020c280, 0x4646ec0, 0xc000104b40)
	/usr/local/Cellar/go/1.13.1/libexec/src/net/http/server.go:1890 +0x875
created by net/http.(*Server).Serve
	/usr/local/Cellar/go/1.13.1/libexec/src/net/http/server.go:2927 +0x38e
2019/10/19 14:45:18 server.go:3055: http: panic serving [::1]:50474: runtime error: invalid memory address or nil pointer dereference
goroutine 60 [running]:
net/http.(*conn).serve.func1(0xc00020c3c0)
	/usr/local/Cellar/go/1.13.1/libexec/src/net/http/server.go:1767 +0x139
panic(0x4535120, 0x490c700)
	/usr/local/Cellar/go/1.13.1/libexec/src/runtime/panic.go:679 +0x1b2
github.com/tetsuzawa/go-3daudio/app/controllers.viewHRTFHandler(0x4646300, 0xc0001d21c0, 0xc000166d00)
	/Users/tetsu/go/src/github.com/tetsuzawa/go-3daudio/app/controllers/webserver.go:115 +0x2eb
net/http.HandlerFunc.ServeHTTP(0x45caf90, 0x4646300, 0xc0001d21c0, 0xc000166d00)
	/usr/local/Cellar/go/1.13.1/libexec/src/net/http/server.go:2007 +0x44
net/http.(*ServeMux).ServeHTTP(0x491ede0, 0x4646300, 0xc0001d21c0, 0xc000166d00)
	/usr/local/Cellar/go/1.13.1/libexec/src/net/http/server.go:2387 +0x1bd
net/http.serverHandler.ServeHTTP(0xc0000220e0, 0x4646300, 0xc0001d21c0, 0xc000166d00)
	/usr/local/Cellar/go/1.13.1/libexec/src/net/http/server.go:2802 +0xa4
net/http.(*conn).serve(0xc00020c3c0, 0x4646ec0, 0xc000104c40)
	/usr/local/Cellar/go/1.13.1/libexec/src/net/http/server.go:1890 +0x875
created by net/http.(*Server).Serve
	/usr/local/Cellar/go/1.13.1/libexec/src/net/http/server.go:2927 +0x38e
2019/10/19 14:45:23 server.go:3055: http: panic serving [::1]:50485: runtime error: invalid memory address or nil pointer dereference
goroutine 28 [running]:
net/http.(*conn).serve.func1(0xc0001190e0)
	/usr/local/Cellar/go/1.13.1/libexec/src/net/http/server.go:1767 +0x139
panic(0x4535120, 0x490c700)
	/usr/local/Cellar/go/1.13.1/libexec/src/runtime/panic.go:679 +0x1b2
github.com/tetsuzawa/go-3daudio/app/controllers.viewHRTFHandler(0x4646300, 0xc0001d22a0, 0xc000160500)
	/Users/tetsu/go/src/github.com/tetsuzawa/go-3daudio/app/controllers/webserver.go:115 +0x2eb
net/http.HandlerFunc.ServeHTTP(0x45caf90, 0x4646300, 0xc0001d22a0, 0xc000160500)
	/usr/local/Cellar/go/1.13.1/libexec/src/net/http/server.go:2007 +0x44
net/http.(*ServeMux).ServeHTTP(0x491ede0, 0x4646300, 0xc0001d22a0, 0xc000160500)
	/usr/local/Cellar/go/1.13.1/libexec/src/net/http/server.go:2387 +0x1bd
net/http.serverHandler.ServeHTTP(0xc0000220e0, 0x4646300, 0xc0001d22a0, 0xc000160500)
	/usr/local/Cellar/go/1.13.1/libexec/src/net/http/server.go:2802 +0xa4
net/http.(*conn).serve(0xc0001190e0, 0x4646ec0, 0xc0000303c0)
	/usr/local/Cellar/go/1.13.1/libexec/src/net/http/server.go:1890 +0x875
created by net/http.(*Server).Serve
	/usr/local/Cellar/go/1.13.1/libexec/src/net/http/server.go:2927 +0x38e
2019/10/19 14:45:23 server.go:3055: http: panic serving [::1]:50486: runtime error: invalid memory address or nil pointer dereference
goroutine 61 [running]:
net/http.(*conn).serve.func1(0xc00020c460)
	/usr/local/Cellar/go/1.13.1/libexec/src/net/http/server.go:1767 +0x139
panic(0x4535120, 0x490c700)
	/usr/local/Cellar/go/1.13.1/libexec/src/runtime/panic.go:679 +0x1b2
github.com/tetsuzawa/go-3daudio/app/controllers.viewHRTFHandler(0x4646300, 0xc0001b82a0, 0xc000166e00)
	/Users/tetsu/go/src/github.com/tetsuzawa/go-3daudio/app/controllers/webserver.go:115 +0x2eb
net/http.HandlerFunc.ServeHTTP(0x45caf90, 0x4646300, 0xc0001b82a0, 0xc000166e00)
	/usr/local/Cellar/go/1.13.1/libexec/src/net/http/server.go:2007 +0x44
net/http.(*ServeMux).ServeHTTP(0x491ede0, 0x4646300, 0xc0001b82a0, 0xc000166e00)
	/usr/local/Cellar/go/1.13.1/libexec/src/net/http/server.go:2387 +0x1bd
net/http.serverHandler.ServeHTTP(0xc0000220e0, 0x4646300, 0xc0001b82a0, 0xc000166e00)
	/usr/local/Cellar/go/1.13.1/libexec/src/net/http/server.go:2802 +0xa4
net/http.(*conn).serve(0xc00020c460, 0x4646ec0, 0xc000104cc0)
	/usr/local/Cellar/go/1.13.1/libexec/src/net/http/server.go:1890 +0x875
created by net/http.(*Server).Serve
	/usr/local/Cellar/go/1.13.1/libexec/src/net/http/server.go:2927 +0x38e
2019/10/19 14:45:23 server.go:3055: http: panic serving [::1]:50487: runtime error: invalid memory address or nil pointer dereference
goroutine 30 [running]:
net/http.(*conn).serve.func1(0xc000119220)
	/usr/local/Cellar/go/1.13.1/libexec/src/net/http/server.go:1767 +0x139
panic(0x4535120, 0x490c700)
	/usr/local/Cellar/go/1.13.1/libexec/src/runtime/panic.go:679 +0x1b2
github.com/tetsuzawa/go-3daudio/app/controllers.viewHRTFHandler(0x4646300, 0xc0001fa540, 0xc000178400)
	/Users/tetsu/go/src/github.com/tetsuzawa/go-3daudio/app/controllers/webserver.go:115 +0x2eb
net/http.HandlerFunc.ServeHTTP(0x45caf90, 0x4646300, 0xc0001fa540, 0xc000178400)
	/usr/local/Cellar/go/1.13.1/libexec/src/net/http/server.go:2007 +0x44
net/http.(*ServeMux).ServeHTTP(0x491ede0, 0x4646300, 0xc0001fa540, 0xc000178400)
	/usr/local/Cellar/go/1.13.1/libexec/src/net/http/server.go:2387 +0x1bd
net/http.serverHandler.ServeHTTP(0xc0000220e0, 0x4646300, 0xc0001fa540, 0xc000178400)
	/usr/local/Cellar/go/1.13.1/libexec/src/net/http/server.go:2802 +0xa4
net/http.(*conn).serve(0xc000119220, 0x4646ec0, 0xc000174300)
	/usr/local/Cellar/go/1.13.1/libexec/src/net/http/server.go:1890 +0x875
created by net/http.(*Server).Serve
	/usr/local/Cellar/go/1.13.1/libexec/src/net/http/server.go:2927 +0x38e
2019/10/19 14:45:42 server.go:3055: http: panic serving [::1]:50539: runtime error: invalid memory address or nil pointer dereference
goroutine 63 [running]:
net/http.(*conn).serve.func1(0xc00020c5a0)
	/usr/local/Cellar/go/1.13.1/libexec/src/net/http/server.go:1767 +0x139
panic(0x4535120, 0x490c700)
	/usr/local/Cellar/go/1.13.1/libexec/src/runtime/panic.go:679 +0x1b2
github.com/tetsuzawa/go-3daudio/app/controllers.viewHRTFHandler(0x4646300, 0xc0000221c0, 0xc000166f00)
	/Users/tetsu/go/src/github.com/tetsuzawa/go-3daudio/app/controllers/webserver.go:115 +0x2eb
net/http.HandlerFunc.ServeHTTP(0x45caf90, 0x4646300, 0xc0000221c0, 0xc000166f00)
	/usr/local/Cellar/go/1.13.1/libexec/src/net/http/server.go:2007 +0x44
net/http.(*ServeMux).ServeHTTP(0x491ede0, 0x4646300, 0xc0000221c0, 0xc000166f00)
	/usr/local/Cellar/go/1.13.1/libexec/src/net/http/server.go:2387 +0x1bd
net/http.serverHandler.ServeHTTP(0xc0000220e0, 0x4646300, 0xc0000221c0, 0xc000166f00)
	/usr/local/Cellar/go/1.13.1/libexec/src/net/http/server.go:2802 +0xa4
net/http.(*conn).serve(0xc00020c5a0, 0x4646ec0, 0xc000104dc0)
	/usr/local/Cellar/go/1.13.1/libexec/src/net/http/server.go:1890 +0x875
created by net/http.(*Server).Serve
	/usr/local/Cellar/go/1.13.1/libexec/src/net/http/server.go:2927 +0x38e
2019/10/19 14:45:42 server.go:3055: http: panic serving [::1]:50540: runtime error: invalid memory address or nil pointer dereference
goroutine 9 [running]:
net/http.(*conn).serve.func1(0xc00019c1e0)
	/usr/local/Cellar/go/1.13.1/libexec/src/net/http/server.go:1767 +0x139
panic(0x4535120, 0x490c700)
	/usr/local/Cellar/go/1.13.1/libexec/src/runtime/panic.go:679 +0x1b2
github.com/tetsuzawa/go-3daudio/app/controllers.viewHRTFHandler(0x4646300, 0xc0001d2380, 0xc0002d2000)
	/Users/tetsu/go/src/github.com/tetsuzawa/go-3daudio/app/controllers/webserver.go:115 +0x2eb
net/http.HandlerFunc.ServeHTTP(0x45caf90, 0x4646300, 0xc0001d2380, 0xc0002d2000)
	/usr/local/Cellar/go/1.13.1/libexec/src/net/http/server.go:2007 +0x44
net/http.(*ServeMux).ServeHTTP(0x491ede0, 0x4646300, 0xc0001d2380, 0xc0002d2000)
	/usr/local/Cellar/go/1.13.1/libexec/src/net/http/server.go:2387 +0x1bd
net/http.serverHandler.ServeHTTP(0xc0000220e0, 0x4646300, 0xc0001d2380, 0xc0002d2000)
	/usr/local/Cellar/go/1.13.1/libexec/src/net/http/server.go:2802 +0xa4
net/http.(*conn).serve(0xc00019c1e0, 0x4646ec0, 0xc0002d0000)
	/usr/local/Cellar/go/1.13.1/libexec/src/net/http/server.go:1890 +0x875
created by net/http.(*Server).Serve
	/usr/local/Cellar/go/1.13.1/libexec/src/net/http/server.go:2927 +0x38e
2019/10/19 14:45:42 server.go:3055: http: panic serving [::1]:50544: runtime error: invalid memory address or nil pointer dereference
goroutine 11 [running]:
net/http.(*conn).serve.func1(0xc00019c320)
	/usr/local/Cellar/go/1.13.1/libexec/src/net/http/server.go:1767 +0x139
panic(0x4535120, 0x490c700)
	/usr/local/Cellar/go/1.13.1/libexec/src/runtime/panic.go:679 +0x1b2
github.com/tetsuzawa/go-3daudio/app/controllers.viewHRTFHandler(0x4646300, 0xc0001d2460, 0xc000178500)
	/Users/tetsu/go/src/github.com/tetsuzawa/go-3daudio/app/controllers/webserver.go:115 +0x2eb
net/http.HandlerFunc.ServeHTTP(0x45caf90, 0x4646300, 0xc0001d2460, 0xc000178500)
	/usr/local/Cellar/go/1.13.1/libexec/src/net/http/server.go:2007 +0x44
net/http.(*ServeMux).ServeHTTP(0x491ede0, 0x4646300, 0xc0001d2460, 0xc000178500)
	/usr/local/Cellar/go/1.13.1/libexec/src/net/http/server.go:2387 +0x1bd
net/http.serverHandler.ServeHTTP(0xc0000220e0, 0x4646300, 0xc0001d2460, 0xc000178500)
	/usr/local/Cellar/go/1.13.1/libexec/src/net/http/server.go:2802 +0xa4
net/http.(*conn).serve(0xc00019c320, 0x4646ec0, 0xc000174400)
	/usr/local/Cellar/go/1.13.1/libexec/src/net/http/server.go:1890 +0x875
created by net/http.(*Server).Serve
	/usr/local/Cellar/go/1.13.1/libexec/src/net/http/server.go:2927 +0x38e
2019/10/19 14:47:40 hrtf.go:59: sql: no rows in result set
2019/10/19 14:47:40 server.go:3055: http: superfluous response.WriteHeader call from github.com/tetsuzawa/go-3daudio/app/controllers.viewHRTFHandler (webserver.go:128)
2019/10/19 14:56:00 hrtf.go:59: sql: no rows in result set
2019/10/19 14:56:00 server.go:3055: http: superfluous response.WriteHeader call from github.com/tetsuzawa/go-3daudio/app/controllers.viewHRTFHandler (webserver.go:131)
2019/10/19 17:05:54 server.go:3055: http: superfluous response.WriteHeader call from github.com/tetsuzawa/go-3daudio/app/controllers.viewHRTFHandler (webserver.go:131)
2019/10/19 17:06:01 server.go:3055: http: superfluous response.WriteHeader call from github.com/tetsuzawa/go-3daudio/app/controllers.viewHRTFHandler (webserver.go:131)
2019/10/19 17:09:12 server.go:3055: http: superfluous response.WriteHeader call from github.com/tetsuzawa/go-3daudio/app/controllers.viewHRTFHandler (webserver.go:143)
2019/10/19 17:25:18 server.go:3055: http: superfluous response.WriteHeader call from github.com/tetsuzawa/go-3daudio/app/controllers.viewHRTFHandler (hrtf.go:146)
2019/10/21 13:41:01 main.go:15: &{0 {hrtf_data.sql 0xc0000ac2e0} 0 {0 0} [0xc000130000] map[] 0 1 0xc0000920c0 0xc000100240 false map[0xc000130000:map[0xc000130000:true]] map[] 0 0 0 <nil> 0 0 0 0x41c10f0}
2019/10/21 13:41:20 session.go:50: no such column: sessionid
2019/10/21 13:41:20 server.go:3055: http: panic serving [::1]:50468: runtime error: invalid memory address or nil pointer dereference
goroutine 51 [running]:
net/http.(*conn).serve.func1(0xc0001ac000)
	/usr/local/Cellar/go/1.13.1/libexec/src/net/http/server.go:1767 +0x139
panic(0x453e880, 0x491f900)
	/usr/local/Cellar/go/1.13.1/libexec/src/runtime/panic.go:679 +0x1b2
github.com/tetsuzawa/go-3daudio/app/controllers.getUser(0x4651f40, 0xc0000220e0, 0xc000144700, 0xc00010fc00)
	/Users/tetsu/go/src/github.com/tetsuzawa/go-3daudio/app/controllers/session.go:32 +0xd3
github.com/tetsuzawa/go-3daudio/app/controllers.viewIndexHandler(0x4651f40, 0xc0000220e0, 0xc000144700)
	/Users/tetsu/go/src/github.com/tetsuzawa/go-3daudio/app/controllers/index.go:25 +0x43
net/http.HandlerFunc.ServeHTTP(0x45d59e0, 0x4651f40, 0xc0000220e0, 0xc000144700)
	/usr/local/Cellar/go/1.13.1/libexec/src/net/http/server.go:2007 +0x44
net/http.(*ServeMux).ServeHTTP(0x4932080, 0x4651f40, 0xc0000220e0, 0xc000144700)
	/usr/local/Cellar/go/1.13.1/libexec/src/net/http/server.go:2387 +0x1bd
net/http.serverHandler.ServeHTTP(0xc0000b00e0, 0x4651f40, 0xc0000220e0, 0xc000144700)
	/usr/local/Cellar/go/1.13.1/libexec/src/net/http/server.go:2802 +0xa4
net/http.(*conn).serve(0xc0001ac000, 0x4652c00, 0xc0000c0800)
	/usr/local/Cellar/go/1.13.1/libexec/src/net/http/server.go:1890 +0x875
created by net/http.(*Server).Serve
	/usr/local/Cellar/go/1.13.1/libexec/src/net/http/server.go:2927 +0x38e
2019/10/21 13:41:20 session.go:50: no such column: sessionid
2019/10/21 13:41:20 server.go:3055: http: panic serving [::1]:50469: runtime error: invalid memory address or nil pointer dereference
goroutine 21 [running]:
net/http.(*conn).serve.func1(0xc0001143c0)
	/usr/local/Cellar/go/1.13.1/libexec/src/net/http/server.go:1767 +0x139
panic(0x453e880, 0x491f900)
	/usr/local/Cellar/go/1.13.1/libexec/src/runtime/panic.go:679 +0x1b2
github.com/tetsuzawa/go-3daudio/app/controllers.getUser(0x4651f40, 0xc0000221c0, 0xc000144800, 0xc000065c00)
	/Users/tetsu/go/src/github.com/tetsuzawa/go-3daudio/app/controllers/session.go:32 +0xd3
github.com/tetsuzawa/go-3daudio/app/controllers.viewIndexHandler(0x4651f40, 0xc0000221c0, 0xc000144800)
	/Users/tetsu/go/src/github.com/tetsuzawa/go-3daudio/app/controllers/index.go:25 +0x43
net/http.HandlerFunc.ServeHTTP(0x45d59e0, 0x4651f40, 0xc0000221c0, 0xc000144800)
	/usr/local/Cellar/go/1.13.1/libexec/src/net/http/server.go:2007 +0x44
net/http.(*ServeMux).ServeHTTP(0x4932080, 0x4651f40, 0xc0000221c0, 0xc000144800)
	/usr/local/Cellar/go/1.13.1/libexec/src/net/http/server.go:2387 +0x1bd
net/http.serverHandler.ServeHTTP(0xc0000b00e0, 0x4651f40, 0xc0000221c0, 0xc000144800)
	/usr/local/Cellar/go/1.13.1/libexec/src/net/http/server.go:2802 +0xa4
net/http.(*conn).serve(0xc0001143c0, 0x4652c00, 0xc0000304c0)
	/usr/local/Cellar/go/1.13.1/libexec/src/net/http/server.go:1890 +0x875
created by net/http.(*Server).Serve
	/usr/local/Cellar/go/1.13.1/libexec/src/net/http/server.go:2927 +0x38e
2019/10/21 13:41:20 session.go:50: no such column: sessionid
2019/10/21 13:41:20 server.go:3055: http: panic serving [::1]:50470: runtime error: invalid memory address or nil pointer dereference
goroutine 12 [running]:
net/http.(*conn).serve.func1(0xc0001f2000)
	/usr/local/Cellar/go/1.13.1/libexec/src/net/http/server.go:1767 +0x139
panic(0x453e880, 0x491f900)
	/usr/local/Cellar/go/1.13.1/libexec/src/runtime/panic.go:679 +0x1b2
github.com/tetsuzawa/go-3daudio/app/controllers.getUser(0x4651f40, 0xc0001fc000, 0xc000144900, 0xc000060c00)
	/Users/tetsu/go/src/github.com/tetsuzawa/go-3daudio/app/controllers/session.go:32 +0xd3
github.com/tetsuzawa/go-3daudio/app/controllers.viewIndexHandler(0x4651f40, 0xc0001fc000, 0xc000144900)
	/Users/tetsu/go/src/github.com/tetsuzawa/go-3daudio/app/controllers/index.go:25 +0x43
net/http.HandlerFunc.ServeHTTP(0x45d59e0, 0x4651f40, 0xc0001fc000, 0xc000144900)
	/usr/local/Cellar/go/1.13.1/libexec/src/net/http/server.go:2007 +0x44
net/http.(*ServeMux).ServeHTTP(0x4932080, 0x4651f40, 0xc0001fc000, 0xc000144900)
	/usr/local/Cellar/go/1.13.1/libexec/src/net/http/server.go:2387 +0x1bd
net/http.serverHandler.ServeHTTP(0xc0000b00e0, 0x4651f40, 0xc0001fc000, 0xc000144900)
	/usr/local/Cellar/go/1.13.1/libexec/src/net/http/server.go:2802 +0xa4
net/http.(*conn).serve(0xc0001f2000, 0x4652c00, 0xc0000c0900)
	/usr/local/Cellar/go/1.13.1/libexec/src/net/http/server.go:1890 +0x875
created by net/http.(*Server).Serve
	/usr/local/Cellar/go/1.13.1/libexec/src/net/http/server.go:2927 +0x38e
2019/10/21 13:41:20 session.go:50: no such column: sessionid
2019/10/21 13:41:20 server.go:3055: http: panic serving [::1]:50471: runtime error: invalid memory address or nil pointer dereference
goroutine 38 [running]:
net/http.(*conn).serve.func1(0xc0000bf540)
	/usr/local/Cellar/go/1.13.1/libexec/src/net/http/server.go:1767 +0x139
panic(0x453e880, 0x491f900)
	/usr/local/Cellar/go/1.13.1/libexec/src/runtime/panic.go:679 +0x1b2
github.com/tetsuzawa/go-3daudio/app/controllers.getUser(0x4651f40, 0xc0001fc0e0, 0xc00019c100, 0xc000060c00)
	/Users/tetsu/go/src/github.com/tetsuzawa/go-3daudio/app/controllers/session.go:32 +0xd3
github.com/tetsuzawa/go-3daudio/app/controllers.viewIndexHandler(0x4651f40, 0xc0001fc0e0, 0xc00019c100)
	/Users/tetsu/go/src/github.com/tetsuzawa/go-3daudio/app/controllers/index.go:25 +0x43
net/http.HandlerFunc.ServeHTTP(0x45d59e0, 0x4651f40, 0xc0001fc0e0, 0xc00019c100)
	/usr/local/Cellar/go/1.13.1/libexec/src/net/http/server.go:2007 +0x44
net/http.(*ServeMux).ServeHTTP(0x4932080, 0x4651f40, 0xc0001fc0e0, 0xc00019c100)
	/usr/local/Cellar/go/1.13.1/libexec/src/net/http/server.go:2387 +0x1bd
net/http.serverHandler.ServeHTTP(0xc0000b00e0, 0x4651f40, 0xc0001fc0e0, 0xc00019c100)
	/usr/local/Cellar/go/1.13.1/libexec/src/net/http/server.go:2802 +0xa4
net/http.(*conn).serve(0xc0000bf540, 0x4652c00, 0xc00019a100)
	/usr/local/Cellar/go/1.13.1/libexec/src/net/http/server.go:1890 +0x875
created by net/http.(*Server).Serve
	/usr/local/Cellar/go/1.13.1/libexec/src/net/http/server.go:2927 +0x38e
2019/10/21 13:41:20 session.go:50: no such column: sessionid
2019/10/21 13:41:20 server.go:3055: http: panic serving [::1]:50472: runtime error: invalid memory address or nil pointer dereference
goroutine 39 [running]:
net/http.(*conn).serve.func1(0xc0000bf5e0)
	/usr/local/Cellar/go/1.13.1/libexec/src/net/http/server.go:1767 +0x139
panic(0x453e880, 0x491f900)
	/usr/local/Cellar/go/1.13.1/libexec/src/runtime/panic.go:679 +0x1b2
github.com/tetsuzawa/go-3daudio/app/controllers.getUser(0x4651f40, 0xc000236000, 0xc00015e300, 0xc000218c00)
	/Users/tetsu/go/src/github.com/tetsuzawa/go-3daudio/app/controllers/session.go:32 +0xd3
github.com/tetsuzawa/go-3daudio/app/controllers.viewIndexHandler(0x4651f40, 0xc000236000, 0xc00015e300)
	/Users/tetsu/go/src/github.com/tetsuzawa/go-3daudio/app/controllers/index.go:25 +0x43
net/http.HandlerFunc.ServeHTTP(0x45d59e0, 0x4651f40, 0xc000236000, 0xc00015e300)
	/usr/local/Cellar/go/1.13.1/libexec/src/net/http/server.go:2007 +0x44
net/http.(*ServeMux).ServeHTTP(0x4932080, 0x4651f40, 0xc000236000, 0xc00015e300)
	/usr/local/Cellar/go/1.13.1/libexec/src/net/http/server.go:2387 +0x1bd
net/http.serverHandler.ServeHTTP(0xc0000b00e0, 0x4651f40, 0xc000236000, 0xc00015e300)
	/usr/local/Cellar/go/1.13.1/libexec/src/net/http/server.go:2802 +0xa4
net/http.(*conn).serve(0xc0000bf5e0, 0x4652c00, 0xc000156300)
	/usr/local/Cellar/go/1.13.1/libexec/src/net/http/server.go:1890 +0x875
created by net/http.(*Server).Serve
	/usr/local/Cellar/go/1.13.1/libexec/src/net/http/server.go:2927 +0x38e
2019/10/21 13:41:20 session.go:50: no such column: sessionid
2019/10/21 13:41:20 server.go:3055: http: panic serving [::1]:50473: runtime error: invalid memory address or nil pointer dereference
goroutine 40 [running]:
net/http.(*conn).serve.func1(0xc0000bf680)
	/usr/local/Cellar/go/1.13.1/libexec/src/net/http/server.go:1767 +0x139
panic(0x453e880, 0x491f900)
	/usr/local/Cellar/go/1.13.1/libexec/src/runtime/panic.go:679 +0x1b2
github.com/tetsuzawa/go-3daudio/app/controllers.getUser(0x4651f40, 0xc0001fc1c0, 0xc00015e400, 0xc000218c00)
	/Users/tetsu/go/src/github.com/tetsuzawa/go-3daudio/app/controllers/session.go:32 +0xd3
github.com/tetsuzawa/go-3daudio/app/controllers.viewIndexHandler(0x4651f40, 0xc0001fc1c0, 0xc00015e400)
	/Users/tetsu/go/src/github.com/tetsuzawa/go-3daudio/app/controllers/index.go:25 +0x43
net/http.HandlerFunc.ServeHTTP(0x45d59e0, 0x4651f40, 0xc0001fc1c0, 0xc00015e400)
	/usr/local/Cellar/go/1.13.1/libexec/src/net/http/server.go:2007 +0x44
net/http.(*ServeMux).ServeHTTP(0x4932080, 0x4651f40, 0xc0001fc1c0, 0xc00015e400)
	/usr/local/Cellar/go/1.13.1/libexec/src/net/http/server.go:2387 +0x1bd
net/http.serverHandler.ServeHTTP(0xc0000b00e0, 0x4651f40, 0xc0001fc1c0, 0xc00015e400)
	/usr/local/Cellar/go/1.13.1/libexec/src/net/http/server.go:2802 +0xa4
net/http.(*conn).serve(0xc0000bf680, 0x4652c00, 0xc000156440)
	/usr/local/Cellar/go/1.13.1/libexec/src/net/http/server.go:1890 +0x875
created by net/http.(*Server).Serve
	/usr/local/Cellar/go/1.13.1/libexec/src/net/http/server.go:2927 +0x38e
2019/10/21 13:43:01 session.go:50: no such column: sessionid
2019/10/21 13:43:01 server.go:3055: http: panic serving [::1]:51097: runtime error: invalid memory address or nil pointer dereference
goroutine 41 [running]:
net/http.(*conn).serve.func1(0xc0000bf720)
	/usr/local/Cellar/go/1.13.1/libexec/src/net/http/server.go:1767 +0x139
panic(0x453e880, 0x491f900)
	/usr/local/Cellar/go/1.13.1/libexec/src/runtime/panic.go:679 +0x1b2
github.com/tetsuzawa/go-3daudio/app/controllers.getUser(0x4651f40, 0xc0002360e0, 0xc00019c200, 0xc000218c00)
	/Users/tetsu/go/src/github.com/tetsuzawa/go-3daudio/app/controllers/session.go:32 +0xd3
github.com/tetsuzawa/go-3daudio/app/controllers.viewIndexHandler(0x4651f40, 0xc0002360e0, 0xc00019c200)
	/Users/tetsu/go/src/github.com/tetsuzawa/go-3daudio/app/controllers/index.go:25 +0x43
net/http.HandlerFunc.ServeHTTP(0x45d59e0, 0x4651f40, 0xc0002360e0, 0xc00019c200)
	/usr/local/Cellar/go/1.13.1/libexec/src/net/http/server.go:2007 +0x44
net/http.(*ServeMux).ServeHTTP(0x4932080, 0x4651f40, 0xc0002360e0, 0xc00019c200)
	/usr/local/Cellar/go/1.13.1/libexec/src/net/http/server.go:2387 +0x1bd
net/http.serverHandler.ServeHTTP(0xc0000b00e0, 0x4651f40, 0xc0002360e0, 0xc00019c200)
	/usr/local/Cellar/go/1.13.1/libexec/src/net/http/server.go:2802 +0xa4
net/http.(*conn).serve(0xc0000bf720, 0x4652c00, 0xc00019a280)
	/usr/local/Cellar/go/1.13.1/libexec/src/net/http/server.go:1890 +0x875
created by net/http.(*Server).Serve
	/usr/local/Cellar/go/1.13.1/libexec/src/net/http/server.go:2927 +0x38e
2019/10/21 13:43:01 session.go:50: no such column: sessionid
2019/10/21 13:43:01 server.go:3055: http: panic serving [::1]:51098: runtime error: invalid memory address or nil pointer dereference
goroutine 13 [running]:
net/http.(*conn).serve.func1(0xc0001f20a0)
	/usr/local/Cellar/go/1.13.1/libexec/src/net/http/server.go:1767 +0x139
panic(0x453e880, 0x491f900)
	/usr/local/Cellar/go/1.13.1/libexec/src/runtime/panic.go:679 +0x1b2
github.com/tetsuzawa/go-3daudio/app/controllers.getUser(0x4651f40, 0xc0000b01c0, 0xc00015e500, 0xc000219c00)
	/Users/tetsu/go/src/github.com/tetsuzawa/go-3daudio/app/controllers/session.go:32 +0xd3
github.com/tetsuzawa/go-3daudio/app/controllers.viewIndexHandler(0x4651f40, 0xc0000b01c0, 0xc00015e500)
	/Users/tetsu/go/src/github.com/tetsuzawa/go-3daudio/app/controllers/index.go:25 +0x43
net/http.HandlerFunc.ServeHTTP(0x45d59e0, 0x4651f40, 0xc0000b01c0, 0xc00015e500)
	/usr/local/Cellar/go/1.13.1/libexec/src/net/http/server.go:2007 +0x44
net/http.(*ServeMux).ServeHTTP(0x4932080, 0x4651f40, 0xc0000b01c0, 0xc00015e500)
	/usr/local/Cellar/go/1.13.1/libexec/src/net/http/server.go:2387 +0x1bd
net/http.serverHandler.ServeHTTP(0xc0000b00e0, 0x4651f40, 0xc0000b01c0, 0xc00015e500)
	/usr/local/Cellar/go/1.13.1/libexec/src/net/http/server.go:2802 +0xa4
net/http.(*conn).serve(0xc0001f20a0, 0x4652c00, 0xc0001564c0)
	/usr/local/Cellar/go/1.13.1/libexec/src/net/http/server.go:1890 +0x875
created by net/http.(*Server).Serve
	/usr/local/Cellar/go/1.13.1/libexec/src/net/http/server.go:2927 +0x38e
2019/10/21 13:43:01 session.go:50: no such column: sessionid
2019/10/21 13:43:01 server.go:3055: http: panic serving [::1]:51099: runtime error: invalid memory address or nil pointer dereference
goroutine 43 [running]:
net/http.(*conn).serve.func1(0xc0000bf7c0)
	/usr/local/Cellar/go/1.13.1/libexec/src/net/http/server.go:1767 +0x139
panic(0x453e880, 0x491f900)
	/usr/local/Cellar/go/1.13.1/libexec/src/runtime/panic.go:679 +0x1b2
github.com/tetsuzawa/go-3daudio/app/controllers.getUser(0x4651f40, 0xc0000b02a0, 0xc000136700, 0xc000065c00)
	/Users/tetsu/go/src/github.com/tetsuzawa/go-3daudio/app/controllers/session.go:32 +0xd3
github.com/tetsuzawa/go-3daudio/app/controllers.viewIndexHandler(0x4651f40, 0xc0000b02a0, 0xc000136700)
	/Users/tetsu/go/src/github.com/tetsuzawa/go-3daudio/app/controllers/index.go:25 +0x43
net/http.HandlerFunc.ServeHTTP(0x45d59e0, 0x4651f40, 0xc0000b02a0, 0xc000136700)
	/usr/local/Cellar/go/1.13.1/libexec/src/net/http/server.go:2007 +0x44
net/http.(*ServeMux).ServeHTTP(0x4932080, 0x4651f40, 0xc0000b02a0, 0xc000136700)
	/usr/local/Cellar/go/1.13.1/libexec/src/net/http/server.go:2387 +0x1bd
net/http.serverHandler.ServeHTTP(0xc0000b00e0, 0x4651f40, 0xc0000b02a0, 0xc000136700)
	/usr/local/Cellar/go/1.13.1/libexec/src/net/http/server.go:2802 +0xa4
net/http.(*conn).serve(0xc0000bf7c0, 0x4652c00, 0xc000030680)
	/usr/local/Cellar/go/1.13.1/libexec/src/net/http/server.go:1890 +0x875
created by net/http.(*Server).Serve
	/usr/local/Cellar/go/1.13.1/libexec/src/net/http/server.go:2927 +0x38e
2019/10/21 13:45:51 session.go:50: no such column: sessionid
2019/10/21 13:45:51 server.go:3055: http: panic serving [::1]:52131: runtime error: invalid memory address or nil pointer dereference
goroutine 14 [running]:
net/http.(*conn).serve.func1(0xc0001f2140)
	/usr/local/Cellar/go/1.13.1/libexec/src/net/http/server.go:1767 +0x139
panic(0x453e880, 0x491f900)
	/usr/local/Cellar/go/1.13.1/libexec/src/runtime/panic.go:679 +0x1b2
github.com/tetsuzawa/go-3daudio/app/controllers.getUser(0x4651f40, 0xc0002361c0, 0xc000144a00, 0xc000065c00)
	/Users/tetsu/go/src/github.com/tetsuzawa/go-3daudio/app/controllers/session.go:32 +0xd3
github.com/tetsuzawa/go-3daudio/app/controllers.viewIndexHandler(0x4651f40, 0xc0002361c0, 0xc000144a00)
	/Users/tetsu/go/src/github.com/tetsuzawa/go-3daudio/app/controllers/index.go:25 +0x43
net/http.HandlerFunc.ServeHTTP(0x45d59e0, 0x4651f40, 0xc0002361c0, 0xc000144a00)
	/usr/local/Cellar/go/1.13.1/libexec/src/net/http/server.go:2007 +0x44
net/http.(*ServeMux).ServeHTTP(0x4932080, 0x4651f40, 0xc0002361c0, 0xc000144a00)
	/usr/local/Cellar/go/1.13.1/libexec/src/net/http/server.go:2387 +0x1bd
net/http.serverHandler.ServeHTTP(0xc0000b00e0, 0x4651f40, 0xc0002361c0, 0xc000144a00)
	/usr/local/Cellar/go/1.13.1/libexec/src/net/http/server.go:2802 +0xa4
net/http.(*conn).serve(0xc0001f2140, 0x4652c00, 0xc0000c0a80)
	/usr/local/Cellar/go/1.13.1/libexec/src/net/http/server.go:1890 +0x875
created by net/http.(*Server).Serve
	/usr/local/Cellar/go/1.13.1/libexec/src/net/http/server.go:2927 +0x38e
2019/10/21 13:45:51 session.go:50: no such column: sessionid
2019/10/21 13:45:51 server.go:3055: http: panic serving [::1]:52132: runtime error: invalid memory address or nil pointer dereference
goroutine 15 [running]:
net/http.(*conn).serve.func1(0xc0001f21e0)
	/usr/local/Cellar/go/1.13.1/libexec/src/net/http/server.go:1767 +0x139
panic(0x453e880, 0x491f900)
	/usr/local/Cellar/go/1.13.1/libexec/src/runtime/panic.go:679 +0x1b2
github.com/tetsuzawa/go-3daudio/app/controllers.getUser(0x4651f40, 0xc0000b0380, 0xc000144b00, 0xc000219c00)
	/Users/tetsu/go/src/github.com/tetsuzawa/go-3daudio/app/controllers/session.go:32 +0xd3
github.com/tetsuzawa/go-3daudio/app/controllers.viewIndexHandler(0x4651f40, 0xc0000b0380, 0xc000144b00)
	/Users/tetsu/go/src/github.com/tetsuzawa/go-3daudio/app/controllers/index.go:25 +0x43
net/http.HandlerFunc.ServeHTTP(0x45d59e0, 0x4651f40, 0xc0000b0380, 0xc000144b00)
	/usr/local/Cellar/go/1.13.1/libexec/src/net/http/server.go:2007 +0x44
net/http.(*ServeMux).ServeHTTP(0x4932080, 0x4651f40, 0xc0000b0380, 0xc000144b00)
	/usr/local/Cellar/go/1.13.1/libexec/src/net/http/server.go:2387 +0x1bd
net/http.serverHandler.ServeHTTP(0xc0000b00e0, 0x4651f40, 0xc0000b0380, 0xc000144b00)
	/usr/local/Cellar/go/1.13.1/libexec/src/net/http/server.go:2802 +0xa4
net/http.(*conn).serve(0xc0001f21e0, 0x4652c00, 0xc0000c0b00)
	/usr/local/Cellar/go/1.13.1/libexec/src/net/http/server.go:1890 +0x875
created by net/http.(*Server).Serve
	/usr/local/Cellar/go/1.13.1/libexec/src/net/http/server.go:2927 +0x38e
2019/10/21 13:45:51 session.go:50: no such column: sessionid
2019/10/21 13:45:51 server.go:3055: http: panic serving [::1]:52133: runtime error: invalid memory address or nil pointer dereference
goroutine 16 [running]:
net/http.(*conn).serve.func1(0xc0001f2280)
	/usr/local/Cellar/go/1.13.1/libexec/src/net/http/server.go:1767 +0x139
panic(0x453e880, 0x491f900)
	/usr/local/Cellar/go/1.13.1/libexec/src/runtime/panic.go:679 +0x1b2
github.com/tetsuzawa/go-3daudio/app/controllers.getUser(0x4651f40, 0xc0000222a0, 0xc000144c00, 0xc000219c00)
	/Users/tetsu/go/src/github.com/tetsuzawa/go-3daudio/app/controllers/session.go:32 +0xd3
github.com/tetsuzawa/go-3daudio/app/controllers.viewIndexHandler(0x4651f40, 0xc0000222a0, 0xc000144c00)
	/Users/tetsu/go/src/github.com/tetsuzawa/go-3daudio/app/controllers/index.go:25 +0x43
net/http.HandlerFunc.ServeHTTP(0x45d59e0, 0x4651f40, 0xc0000222a0, 0xc000144c00)
	/usr/local/Cellar/go/1.13.1/libexec/src/net/http/server.go:2007 +0x44
net/http.(*ServeMux).ServeHTTP(0x4932080, 0x4651f40, 0xc0000222a0, 0xc000144c00)
	/usr/local/Cellar/go/1.13.1/libexec/src/net/http/server.go:2387 +0x1bd
net/http.serverHandler.ServeHTTP(0xc0000b00e0, 0x4651f40, 0xc0000222a0, 0xc000144c00)
	/usr/local/Cellar/go/1.13.1/libexec/src/net/http/server.go:2802 +0xa4
net/http.(*conn).serve(0xc0001f2280, 0x4652c00, 0xc0000c0c00)
	/usr/local/Cellar/go/1.13.1/libexec/src/net/http/server.go:1890 +0x875
created by net/http.(*Server).Serve
	/usr/local/Cellar/go/1.13.1/libexec/src/net/http/server.go:2927 +0x38e
2019/10/21 13:45:57 main.go:15: &{0 {hrtf_data.sql 0xc0000f42c0} 0 {0 0} [0xc00015a000] map[] 0 1 0xc000150000 0xc00013a060 false map[0xc00015a000:map[0xc00015a000:true]] map[] 0 0 0 <nil> 0 0 0 0x41c1090}
2019/10/21 13:46:01 session.go:50: no such column: sessionid
2019/10/21 13:46:01 server.go:3055: http: panic serving [::1]:52197: runtime error: invalid memory address or nil pointer dereference
goroutine 40 [running]:
net/http.(*conn).serve.func1(0xc00013e320)
	/usr/local/Cellar/go/1.13.1/libexec/src/net/http/server.go:1767 +0x139
panic(0x453e860, 0x491f900)
	/usr/local/Cellar/go/1.13.1/libexec/src/runtime/panic.go:679 +0x1b2
github.com/tetsuzawa/go-3daudio/app/controllers.getUser(0x4651f20, 0xc0001e4000, 0xc000190600, 0xc000139c00)
	/Users/tetsu/go/src/github.com/tetsuzawa/go-3daudio/app/controllers/session.go:32 +0xd3
github.com/tetsuzawa/go-3daudio/app/controllers.viewIndexHandler(0x4651f20, 0xc0001e4000, 0xc000190600)
	/Users/tetsu/go/src/github.com/tetsuzawa/go-3daudio/app/controllers/index.go:25 +0x43
net/http.HandlerFunc.ServeHTTP(0x45d59c0, 0x4651f20, 0xc0001e4000, 0xc000190600)
	/usr/local/Cellar/go/1.13.1/libexec/src/net/http/server.go:2007 +0x44
net/http.(*ServeMux).ServeHTTP(0x4932080, 0x4651f20, 0xc0001e4000, 0xc000190600)
	/usr/local/Cellar/go/1.13.1/libexec/src/net/http/server.go:2387 +0x1bd
net/http.serverHandler.ServeHTTP(0xc0001b8000, 0x4651f20, 0xc0001e4000, 0xc000190600)
	/usr/local/Cellar/go/1.13.1/libexec/src/net/http/server.go:2802 +0xa4
net/http.(*conn).serve(0xc00013e320, 0x4652be0, 0xc0000de700)
	/usr/local/Cellar/go/1.13.1/libexec/src/net/http/server.go:1890 +0x875
created by net/http.(*Server).Serve
	/usr/local/Cellar/go/1.13.1/libexec/src/net/http/server.go:2927 +0x38e
2019/10/21 13:46:01 session.go:50: no such column: sessionid
2019/10/21 13:46:01 server.go:3055: http: panic serving [::1]:52198: runtime error: invalid memory address or nil pointer dereference
goroutine 41 [running]:
net/http.(*conn).serve.func1(0xc00013e3c0)
	/usr/local/Cellar/go/1.13.1/libexec/src/net/http/server.go:1767 +0x139
panic(0x453e860, 0x491f900)
	/usr/local/Cellar/go/1.13.1/libexec/src/runtime/panic.go:679 +0x1b2
github.com/tetsuzawa/go-3daudio/app/controllers.getUser(0x4651f20, 0xc0000b00e0, 0xc000174300, 0xc000061c00)
	/Users/tetsu/go/src/github.com/tetsuzawa/go-3daudio/app/controllers/session.go:32 +0xd3
github.com/tetsuzawa/go-3daudio/app/controllers.viewIndexHandler(0x4651f20, 0xc0000b00e0, 0xc000174300)
	/Users/tetsu/go/src/github.com/tetsuzawa/go-3daudio/app/controllers/index.go:25 +0x43
net/http.HandlerFunc.ServeHTTP(0x45d59c0, 0x4651f20, 0xc0000b00e0, 0xc000174300)
	/usr/local/Cellar/go/1.13.1/libexec/src/net/http/server.go:2007 +0x44
net/http.(*ServeMux).ServeHTTP(0x4932080, 0x4651f20, 0xc0000b00e0, 0xc000174300)
	/usr/local/Cellar/go/1.13.1/libexec/src/net/http/server.go:2387 +0x1bd
net/http.serverHandler.ServeHTTP(0xc0001b8000, 0x4651f20, 0xc0000b00e0, 0xc000174300)
	/usr/local/Cellar/go/1.13.1/libexec/src/net/http/server.go:2802 +0xa4
net/http.(*conn).serve(0xc00013e3c0, 0x4652be0, 0xc000172180)
	/usr/local/Cellar/go/1.13.1/libexec/src/net/http/server.go:1890 +0x875
created by net/http.(*Server).Serve
	/usr/local/Cellar/go/1.13.1/libexec/src/net/http/server.go:2927 +0x38e
2019/10/21 13:46:01 session.go:50: no such column: sessionid
2019/10/21 13:46:01 server.go:3055: http: panic serving [::1]:52199: runtime error: invalid memory address or nil pointer dereference
goroutine 22 [running]:
net/http.(*conn).serve.func1(0xc000230000)
	/usr/local/Cellar/go/1.13.1/libexec/src/net/http/server.go:1767 +0x139
panic(0x453e860, 0x491f900)
	/usr/local/Cellar/go/1.13.1/libexec/src/runtime/panic.go:679 +0x1b2
github.com/tetsuzawa/go-3daudio/app/controllers.getUser(0x4651f20, 0xc000244000, 0xc00023e000, 0xc000236c00)
	/Users/tetsu/go/src/github.com/tetsuzawa/go-3daudio/app/controllers/session.go:32 +0xd3
github.com/tetsuzawa/go-3daudio/app/controllers.viewIndexHandler(0x4651f20, 0xc000244000, 0xc00023e000)
	/Users/tetsu/go/src/github.com/tetsuzawa/go-3daudio/app/controllers/index.go:25 +0x43
net/http.HandlerFunc.ServeHTTP(0x45d59c0, 0x4651f20, 0xc000244000, 0xc00023e000)
	/usr/local/Cellar/go/1.13.1/libexec/src/net/http/server.go:2007 +0x44
net/http.(*ServeMux).ServeHTTP(0x4932080, 0x4651f20, 0xc000244000, 0xc00023e000)
	/usr/local/Cellar/go/1.13.1/libexec/src/net/http/server.go:2387 +0x1bd
net/http.serverHandler.ServeHTTP(0xc0001b8000, 0x4651f20, 0xc000244000, 0xc00023e000)
	/usr/local/Cellar/go/1.13.1/libexec/src/net/http/server.go:2802 +0xa4
net/http.(*conn).serve(0xc000230000, 0x4652be0, 0xc0001dc0c0)
	/usr/local/Cellar/go/1.13.1/libexec/src/net/http/server.go:1890 +0x875
created by net/http.(*Server).Serve
	/usr/local/Cellar/go/1.13.1/libexec/src/net/http/server.go:2927 +0x38e
2019/10/21 13:47:56 main.go:15: &{0 {hrtf_data.sql 0xc0000de2c0} 0 {0 0} [0xc000134000] map[] 0 1 0xc0000e8060 0xc000090360 false map[0xc000134000:map[0xc000134000:true]] map[] 0 0 0 <nil> 0 0 0 0x41c1090}
2019/10/21 13:48:01 session.go:50: no such column: sessionid
2019/10/21 13:48:01 server.go:3055: http: panic serving [::1]:52945: runtime error: invalid memory address or nil pointer dereference
goroutine 8 [running]:
net/http.(*conn).serve.func1(0xc0001b8000)
	/usr/local/Cellar/go/1.13.1/libexec/src/net/http/server.go:1767 +0x139
panic(0x453e860, 0x491f900)
	/usr/local/Cellar/go/1.13.1/libexec/src/runtime/panic.go:679 +0x1b2
github.com/tetsuzawa/go-3daudio/app/controllers.getUser(0x4651f20, 0xc0000220e0, 0xc000182500, 0xc000115c00)
	/Users/tetsu/go/src/github.com/tetsuzawa/go-3daudio/app/controllers/session.go:32 +0xd3
github.com/tetsuzawa/go-3daudio/app/controllers.viewIndexHandler(0x4651f20, 0xc0000220e0, 0xc000182500)
	/Users/tetsu/go/src/github.com/tetsuzawa/go-3daudio/app/controllers/index.go:25 +0x43
net/http.HandlerFunc.ServeHTTP(0x45d59c0, 0x4651f20, 0xc0000220e0, 0xc000182500)
	/usr/local/Cellar/go/1.13.1/libexec/src/net/http/server.go:2007 +0x44
net/http.(*ServeMux).ServeHTTP(0x4932080, 0x4651f20, 0xc0000220e0, 0xc000182500)
	/usr/local/Cellar/go/1.13.1/libexec/src/net/http/server.go:2387 +0x1bd
net/http.serverHandler.ServeHTTP(0xc0001b6000, 0x4651f20, 0xc0000220e0, 0xc000182500)
	/usr/local/Cellar/go/1.13.1/libexec/src/net/http/server.go:2802 +0xa4
net/http.(*conn).serve(0xc0001b8000, 0x4652be0, 0xc0001703c0)
	/usr/local/Cellar/go/1.13.1/libexec/src/net/http/server.go:1890 +0x875
created by net/http.(*Server).Serve
	/usr/local/Cellar/go/1.13.1/libexec/src/net/http/server.go:2927 +0x38e
2019/10/21 13:48:01 session.go:50: no such column: sessionid
2019/10/21 13:48:01 server.go:3055: http: panic serving [::1]:52946: runtime error: invalid memory address or nil pointer dereference
goroutine 24 [running]:
net/http.(*conn).serve.func1(0xc0000c75e0)
	/usr/local/Cellar/go/1.13.1/libexec/src/net/http/server.go:1767 +0x139
panic(0x453e860, 0x491f900)
	/usr/local/Cellar/go/1.13.1/libexec/src/runtime/panic.go:679 +0x1b2
github.com/tetsuzawa/go-3daudio/app/controllers.getUser(0x4651f20, 0xc0001ec000, 0xc000146500, 0xc000065c00)
	/Users/tetsu/go/src/github.com/tetsuzawa/go-3daudio/app/controllers/session.go:32 +0xd3
github.com/tetsuzawa/go-3daudio/app/controllers.viewIndexHandler(0x4651f20, 0xc0001ec000, 0xc000146500)
	/Users/tetsu/go/src/github.com/tetsuzawa/go-3daudio/app/controllers/index.go:25 +0x43
net/http.HandlerFunc.ServeHTTP(0x45d59c0, 0x4651f20, 0xc0001ec000, 0xc000146500)
	/usr/local/Cellar/go/1.13.1/libexec/src/net/http/server.go:2007 +0x44
net/http.(*ServeMux).ServeHTTP(0x4932080, 0x4651f20, 0xc0001ec000, 0xc000146500)
	/usr/local/Cellar/go/1.13.1/libexec/src/net/http/server.go:2387 +0x1bd
net/http.serverHandler.ServeHTTP(0xc0001b6000, 0x4651f20, 0xc0001ec000, 0xc000146500)
	/usr/local/Cellar/go/1.13.1/libexec/src/net/http/server.go:2802 +0xa4
net/http.(*conn).serve(0xc0000c75e0, 0x4652be0, 0xc000030340)
	/usr/local/Cellar/go/1.13.1/libexec/src/net/http/server.go:1890 +0x875
created by net/http.(*Server).Serve
	/usr/local/Cellar/go/1.13.1/libexec/src/net/http/server.go:2927 +0x38e
2019/10/21 13:48:01 session.go:50: no such column: sessionid
2019/10/21 13:48:01 server.go:3055: http: panic serving [::1]:52947: runtime error: invalid memory address or nil pointer dereference
goroutine 37 [running]:
net/http.(*conn).serve.func1(0xc0001fe000)
	/usr/local/Cellar/go/1.13.1/libexec/src/net/http/server.go:1767 +0x139
panic(0x453e860, 0x491f900)
	/usr/local/Cellar/go/1.13.1/libexec/src/runtime/panic.go:679 +0x1b2
github.com/tetsuzawa/go-3daudio/app/controllers.getUser(0x4651f20, 0xc0001ec0e0, 0xc00013e700, 0xc000065c00)
	/Users/tetsu/go/src/github.com/tetsuzawa/go-3daudio/app/controllers/session.go:32 +0xd3
github.com/tetsuzawa/go-3daudio/app/controllers.viewIndexHandler(0x4651f20, 0xc0001ec0e0, 0xc00013e700)
	/Users/tetsu/go/src/github.com/tetsuzawa/go-3daudio/app/controllers/index.go:25 +0x43
net/http.HandlerFunc.ServeHTTP(0x45d59c0, 0x4651f20, 0xc0001ec0e0, 0xc00013e700)
	/usr/local/Cellar/go/1.13.1/libexec/src/net/http/server.go:2007 +0x44
net/http.(*ServeMux).ServeHTTP(0x4932080, 0x4651f20, 0xc0001ec0e0, 0xc00013e700)
	/usr/local/Cellar/go/1.13.1/libexec/src/net/http/server.go:2387 +0x1bd
net/http.serverHandler.ServeHTTP(0xc0001b6000, 0x4651f20, 0xc0001ec0e0, 0xc00013e700)
	/usr/local/Cellar/go/1.13.1/libexec/src/net/http/server.go:2802 +0xa4
net/http.(*conn).serve(0xc0001fe000, 0x4652be0, 0xc0000c89c0)
	/usr/local/Cellar/go/1.13.1/libexec/src/net/http/server.go:1890 +0x875
created by net/http.(*Server).Serve
	/usr/local/Cellar/go/1.13.1/libexec/src/net/http/server.go:2927 +0x38e
2019/10/21 13:48:23 main.go:15: &{0 {hrtf_data.sql 0xc00000e300} 0 {0 0} [0xc000138000] map[] 0 1 0xc0000a2060 0xc0000ce060 false map[0xc000138000:map[0xc000138000:true]] map[] 0 0 0 <nil> 0 0 0 0x425f0f0}
2019/10/21 13:48:31 session.go:50: no such column: sessionid
2019/10/21 13:49:32 main.go:15: &{0 {hrtf_data.sql 0xc0000f42c0} 0 {0 0} [0xc00014a000] map[] 0 1 0xc000024060 0xc000138000 false map[0xc00014a000:map[0xc00014a000:true]] map[] 0 0 0 <nil> 0 0 0 0x425f0f0}
2019/10/21 13:50:42 main.go:15: &{0 {hrtf_data.sql 0xc00000e300} 0 {0 0} [0xc00013a000] map[] 0 1 0xc0000240c0 0xc00007a360 false map[0xc00013a000:map[0xc00013a000:true]] map[] 0 0 0 <nil> 0 0 0 0x425f0f0}
2019/10/21 13:50:49 session.go:50: sql: no rows in result set
2019/10/21 13:51:18 main.go:15: &{0 {hrtf_data.sql 0xc0000e42c0} 0 {0 0} [0xc000140000] map[] 0 1 0xc00012c000 0xc0000b8120 false map[0xc000140000:map[0xc000140000:true]] map[] 0 0 0 <nil> 0 0 0 0x425f0f0}
2019/10/21 13:51:31 session.go:50: sql: no rows in result set
2019/10/21 13:52:07 main.go:15: &{0 {hrtf_data.sql 0xc0000ee2c0} 0 {0 0} [0xc000156000] map[] 0 1 0xc0000fa060 0xc0000c4300 false map[0xc000156000:map[0xc000156000:true]] map[] 0 0 0 <nil> 0 0 0 0x425f0f0}
2019/10/21 13:52:10 main.go:15: &{0 {hrtf_data.sql 0xc0000e22c0} 0 {0 0} [0xc000140000] map[] 0 1 0xc0000ec060 0xc000092360 false map[0xc000140000:map[0xc000140000:true]] map[] 0 0 0 <nil> 0 0 0 0x425f0f0}
2019/10/21 13:52:14 main.go:15: &{0 {hrtf_data.sql 0xc0000e22c0} 0 {0 0} [0xc000148000] map[] 0 1 0xc00012a000 0xc0000b8060 false map[0xc000148000:map[0xc000148000:true]] map[] 0 0 0 <nil> 0 0 0 0x425f0f0}
2019/10/21 13:52:17 session.go:50: sql: no rows in result set
2019/10/21 13:52:33 main.go:15: &{0 {hrtf_data.sql 0xc0000ae2e0} 0 {0 0} [0xc00013c000] map[] 0 1 0xc000116000 0xc0000bc060 false map[0xc00013c000:map[0xc00013c000:true]] map[] 0 0 0 <nil> 0 0 0 0x425f0f0}
2019/10/21 13:52:40 session.go:50: sql: no rows in result set
2019/10/21 13:52:54 main.go:15: &{0 {hrtf_data.sql 0xc0000e42c0} 0 {0 0} [0xc000138000] map[] 0 1 0xc0000940c0 0xc0000bc2a0 false map[0xc000138000:map[0xc000138000:true]] map[] 0 0 0 <nil> 0 0 0 0x425f0f0}
2019/10/21 13:52:56 session.go:50: sql: no rows in result set
2019/10/21 13:53:34 main.go:15: &{0 {hrtf_data.sql 0xc0000bc2e0} 0 {0 0} [0xc000140000] map[] 0 1 0xc000124000 0xc0000ca060 false map[0xc000140000:map[0xc000140000:true]] map[] 0 0 0 <nil> 0 0 0 0x425f0f0}
2019/10/21 13:53:38 session.go:50: sql: no rows in result set
2019/10/21 13:53:38 server.go:3055: http: superfluous response.WriteHeader call from github.com/tetsuzawa/go-3daudio/app/controllers.viewIndexHandler (index.go:48)
2019/10/21 13:54:08 session.go:50: sql: no rows in result set
2019/10/21 13:56:42 main.go:15: &{0 {hrtf_data.sql 0xc0000d62c0} 0 {0 0} [0xc000138000] map[] 0 1 0xc00012a000 0xc000114060 false map[0xc000138000:map[0xc000138000:true]] map[] 0 0 0 <nil> 0 0 0 0x41c0bf0}
2019/10/21 13:56:43 session.go:50: sql: no rows in result set
2019/10/21 13:56:43 server.go:3055: http: panic serving [::1]:56278: runtime error: invalid memory address or nil pointer dereference
goroutine 37 [running]:
net/http.(*conn).serve.func1(0xc0000bf720)
	/usr/local/Cellar/go/1.13.1/libexec/src/net/http/server.go:1767 +0x139
panic(0x453e620, 0x491f900)
	/usr/local/Cellar/go/1.13.1/libexec/src/runtime/panic.go:679 +0x1b2
github.com/tetsuzawa/go-3daudio/app/controllers.getUser(0x4651da0, 0xc0001e6000, 0xc0001d0000, 0x0, 0x0, 0x0, 0x0, 0x0, 0x0, 0x0, ...)
	/Users/tetsu/go/src/github.com/tetsuzawa/go-3daudio/app/controllers/session.go:39 +0xdd
github.com/tetsuzawa/go-3daudio/app/controllers.viewIndexHandler(0x4651da0, 0xc0001e6000, 0xc0001d0000)
	/Users/tetsu/go/src/github.com/tetsuzawa/go-3daudio/app/controllers/index.go:25 +0x5a
net/http.HandlerFunc.ServeHTTP(0x45d5780, 0x4651da0, 0xc0001e6000, 0xc0001d0000)
	/usr/local/Cellar/go/1.13.1/libexec/src/net/http/server.go:2007 +0x44
net/http.(*ServeMux).ServeHTTP(0x4932080, 0x4651da0, 0xc0001e6000, 0xc0001d0000)
	/usr/local/Cellar/go/1.13.1/libexec/src/net/http/server.go:2387 +0x1bd
net/http.serverHandler.ServeHTTP(0xc0000221c0, 0x4651da0, 0xc0001e6000, 0xc0001d0000)
	/usr/local/Cellar/go/1.13.1/libexec/src/net/http/server.go:2802 +0xa4
net/http.(*conn).serve(0xc0000bf720, 0x4652a60, 0xc0001ba000)
	/usr/local/Cellar/go/1.13.1/libexec/src/net/http/server.go:1890 +0x875
created by net/http.(*Server).Serve
	/usr/local/Cellar/go/1.13.1/libexec/src/net/http/server.go:2927 +0x38e
2019/10/21 13:56:43 session.go:50: sql: no rows in result set
2019/10/21 13:56:43 server.go:3055: http: panic serving [::1]:56279: runtime error: invalid memory address or nil pointer dereference
goroutine 50 [running]:
net/http.(*conn).serve.func1(0xc0001a6000)
	/usr/local/Cellar/go/1.13.1/libexec/src/net/http/server.go:1767 +0x139
panic(0x453e620, 0x491f900)
	/usr/local/Cellar/go/1.13.1/libexec/src/runtime/panic.go:679 +0x1b2
github.com/tetsuzawa/go-3daudio/app/controllers.getUser(0x4651da0, 0xc000202000, 0xc0001e4000, 0x0, 0x0, 0x0, 0x0, 0x0, 0x0, 0x0, ...)
	/Users/tetsu/go/src/github.com/tetsuzawa/go-3daudio/app/controllers/session.go:39 +0xdd
github.com/tetsuzawa/go-3daudio/app/controllers.viewIndexHandler(0x4651da0, 0xc000202000, 0xc0001e4000)
	/Users/tetsu/go/src/github.com/tetsuzawa/go-3daudio/app/controllers/index.go:25 +0x5a
net/http.HandlerFunc.ServeHTTP(0x45d5780, 0x4651da0, 0xc000202000, 0xc0001e4000)
	/usr/local/Cellar/go/1.13.1/libexec/src/net/http/server.go:2007 +0x44
net/http.(*ServeMux).ServeHTTP(0x4932080, 0x4651da0, 0xc000202000, 0xc0001e4000)
	/usr/local/Cellar/go/1.13.1/libexec/src/net/http/server.go:2387 +0x1bd
net/http.serverHandler.ServeHTTP(0xc0000221c0, 0x4651da0, 0xc000202000, 0xc0001e4000)
	/usr/local/Cellar/go/1.13.1/libexec/src/net/http/server.go:2802 +0xa4
net/http.(*conn).serve(0xc0001a6000, 0x4652a60, 0xc0001dc000)
	/usr/local/Cellar/go/1.13.1/libexec/src/net/http/server.go:1890 +0x875
created by net/http.(*Server).Serve
	/usr/local/Cellar/go/1.13.1/libexec/src/net/http/server.go:2927 +0x38e
2019/10/21 13:56:43 session.go:50: sql: no rows in result set
2019/10/21 13:56:43 server.go:3055: http: panic serving [::1]:56280: runtime error: invalid memory address or nil pointer dereference
goroutine 51 [running]:
net/http.(*conn).serve.func1(0xc0001a60a0)
	/usr/local/Cellar/go/1.13.1/libexec/src/net/http/server.go:1767 +0x139
panic(0x453e620, 0x491f900)
	/usr/local/Cellar/go/1.13.1/libexec/src/runtime/panic.go:679 +0x1b2
github.com/tetsuzawa/go-3daudio/app/controllers.getUser(0x4651da0, 0xc0002020e0, 0xc000154500, 0x0, 0x0, 0x0, 0x0, 0x0, 0x0, 0x0, ...)
	/Users/tetsu/go/src/github.com/tetsuzawa/go-3daudio/app/controllers/session.go:39 +0xdd
github.com/tetsuzawa/go-3daudio/app/controllers.viewIndexHandler(0x4651da0, 0xc0002020e0, 0xc000154500)
	/Users/tetsu/go/src/github.com/tetsuzawa/go-3daudio/app/controllers/index.go:25 +0x5a
net/http.HandlerFunc.ServeHTTP(0x45d5780, 0x4651da0, 0xc0002020e0, 0xc000154500)
	/usr/local/Cellar/go/1.13.1/libexec/src/net/http/server.go:2007 +0x44
net/http.(*ServeMux).ServeHTTP(0x4932080, 0x4651da0, 0xc0002020e0, 0xc000154500)
	/usr/local/Cellar/go/1.13.1/libexec/src/net/http/server.go:2387 +0x1bd
net/http.serverHandler.ServeHTTP(0xc0000221c0, 0x4651da0, 0xc0002020e0, 0xc000154500)
	/usr/local/Cellar/go/1.13.1/libexec/src/net/http/server.go:2802 +0xa4
net/http.(*conn).serve(0xc0001a60a0, 0x4652a60, 0xc000030540)
	/usr/local/Cellar/go/1.13.1/libexec/src/net/http/server.go:1890 +0x875
created by net/http.(*Server).Serve
	/usr/local/Cellar/go/1.13.1/libexec/src/net/http/server.go:2927 +0x38e
2019/10/21 13:56:46 session.go:50: sql: no rows in result set
2019/10/21 13:56:46 server.go:3055: http: panic serving [::1]:56299: runtime error: invalid memory address or nil pointer dereference
goroutine 66 [running]:
net/http.(*conn).serve.func1(0xc00023a000)
	/usr/local/Cellar/go/1.13.1/libexec/src/net/http/server.go:1767 +0x139
panic(0x453e620, 0x491f900)
	/usr/local/Cellar/go/1.13.1/libexec/src/runtime/panic.go:679 +0x1b2
github.com/tetsuzawa/go-3daudio/app/controllers.getUser(0x4651da0, 0xc0002021c0, 0xc000160400, 0x0, 0x0, 0x0, 0x0, 0x0, 0x0, 0x0, ...)
	/Users/tetsu/go/src/github.com/tetsuzawa/go-3daudio/app/controllers/session.go:39 +0xdd
github.com/tetsuzawa/go-3daudio/app/controllers.viewIndexHandler(0x4651da0, 0xc0002021c0, 0xc000160400)
	/Users/tetsu/go/src/github.com/tetsuzawa/go-3daudio/app/controllers/index.go:25 +0x5a
net/http.HandlerFunc.ServeHTTP(0x45d5780, 0x4651da0, 0xc0002021c0, 0xc000160400)
	/usr/local/Cellar/go/1.13.1/libexec/src/net/http/server.go:2007 +0x44
net/http.(*ServeMux).ServeHTTP(0x4932080, 0x4651da0, 0xc0002021c0, 0xc000160400)
	/usr/local/Cellar/go/1.13.1/libexec/src/net/http/server.go:2387 +0x1bd
net/http.serverHandler.ServeHTTP(0xc0000221c0, 0x4651da0, 0xc0002021c0, 0xc000160400)
	/usr/local/Cellar/go/1.13.1/libexec/src/net/http/server.go:2802 +0xa4
net/http.(*conn).serve(0xc00023a000, 0x4652a60, 0xc0001266c0)
	/usr/local/Cellar/go/1.13.1/libexec/src/net/http/server.go:1890 +0x875
created by net/http.(*Server).Serve
	/usr/local/Cellar/go/1.13.1/libexec/src/net/http/server.go:2927 +0x38e
2019/10/21 13:56:46 session.go:50: sql: no rows in result set
2019/10/21 13:56:46 server.go:3055: http: panic serving [::1]:56300: runtime error: invalid memory address or nil pointer dereference
goroutine 67 [running]:
net/http.(*conn).serve.func1(0xc00023a0a0)
	/usr/local/Cellar/go/1.13.1/libexec/src/net/http/server.go:1767 +0x139
panic(0x453e620, 0x491f900)
	/usr/local/Cellar/go/1.13.1/libexec/src/runtime/panic.go:679 +0x1b2
github.com/tetsuzawa/go-3daudio/app/controllers.getUser(0x4651da0, 0xc0002022a0, 0xc000164800, 0x0, 0x0, 0x0, 0x0, 0x0, 0x0, 0x0, ...)
	/Users/tetsu/go/src/github.com/tetsuzawa/go-3daudio/app/controllers/session.go:39 +0xdd
github.com/tetsuzawa/go-3daudio/app/controllers.viewIndexHandler(0x4651da0, 0xc0002022a0, 0xc000164800)
	/Users/tetsu/go/src/github.com/tetsuzawa/go-3daudio/app/controllers/index.go:25 +0x5a
net/http.HandlerFunc.ServeHTTP(0x45d5780, 0x4651da0, 0xc0002022a0, 0xc000164800)
	/usr/local/Cellar/go/1.13.1/libexec/src/net/http/server.go:2007 +0x44
net/http.(*ServeMux).ServeHTTP(0x4932080, 0x4651da0, 0xc0002022a0, 0xc000164800)
	/usr/local/Cellar/go/1.13.1/libexec/src/net/http/server.go:2387 +0x1bd
net/http.serverHandler.ServeHTTP(0xc0000221c0, 0x4651da0, 0xc0002022a0, 0xc000164800)
	/usr/local/Cellar/go/1.13.1/libexec/src/net/http/server.go:2802 +0xa4
net/http.(*conn).serve(0xc00023a0a0, 0x4652a60, 0xc0000c0600)
	/usr/local/Cellar/go/1.13.1/libexec/src/net/http/server.go:1890 +0x875
created by net/http.(*Server).Serve
	/usr/local/Cellar/go/1.13.1/libexec/src/net/http/server.go:2927 +0x38e
2019/10/21 13:56:46 session.go:50: sql: no rows in result set
2019/10/21 13:56:46 server.go:3055: http: panic serving [::1]:56301: runtime error: invalid memory address or nil pointer dereference
goroutine 27 [running]:
net/http.(*conn).serve.func1(0xc00013a1e0)
	/usr/local/Cellar/go/1.13.1/libexec/src/net/http/server.go:1767 +0x139
panic(0x453e620, 0x491f900)
	/usr/local/Cellar/go/1.13.1/libexec/src/runtime/panic.go:679 +0x1b2
github.com/tetsuzawa/go-3daudio/app/controllers.getUser(0x4651da0, 0xc000202380, 0xc000164900, 0x0, 0x0, 0x0, 0x0, 0x0, 0x0, 0x0, ...)
	/Users/tetsu/go/src/github.com/tetsuzawa/go-3daudio/app/controllers/session.go:39 +0xdd
github.com/tetsuzawa/go-3daudio/app/controllers.viewIndexHandler(0x4651da0, 0xc000202380, 0xc000164900)
	/Users/tetsu/go/src/github.com/tetsuzawa/go-3daudio/app/controllers/index.go:25 +0x5a
net/http.HandlerFunc.ServeHTTP(0x45d5780, 0x4651da0, 0xc000202380, 0xc000164900)
	/usr/local/Cellar/go/1.13.1/libexec/src/net/http/server.go:2007 +0x44
net/http.(*ServeMux).ServeHTTP(0x4932080, 0x4651da0, 0xc000202380, 0xc000164900)
	/usr/local/Cellar/go/1.13.1/libexec/src/net/http/server.go:2387 +0x1bd
net/http.serverHandler.ServeHTTP(0xc0000221c0, 0x4651da0, 0xc000202380, 0xc000164900)
	/usr/local/Cellar/go/1.13.1/libexec/src/net/http/server.go:2802 +0xa4
net/http.(*conn).serve(0xc00013a1e0, 0x4652a60, 0xc0000c0680)
	/usr/local/Cellar/go/1.13.1/libexec/src/net/http/server.go:1890 +0x875
created by net/http.(*Server).Serve
	/usr/local/Cellar/go/1.13.1/libexec/src/net/http/server.go:2927 +0x38e
2019/10/21 13:57:27 main.go:15: &{0 {hrtf_data.sql 0xc0000bc2e0} 0 {0 0} [0xc000142000] map[] 0 1 0xc000124000 0xc0000ca060 false map[0xc000142000:map[0xc000142000:true]] map[] 0 0 0 <nil> 0 0 0 0x425faf0}
2019/10/21 13:57:36 session.go:50: sql: no rows in result set
2019/10/21 13:58:06 main.go:15: &{0 {hrtf_data.sql 0xc00000e300} 0 {0 0} [0xc000154000] map[] 0 1 0xc00013c000 0xc000122060 false map[0xc000154000:map[0xc000154000:true]] map[] 0 0 0 <nil> 0 0 0 0x425faf0}
2019/10/21 13:58:20 session.go:50: sql: no rows in result set
2019/10/21 14:02:06 main.go:15: &{0 {hrtf_data.sql 0xc0001002c0} 0 {0 0} [0xc000160000] map[] 0 1 0xc000148000 0xc0000ce060 false map[0xc000160000:map[0xc000160000:true]] map[] 0 0 0 <nil> 0 0 0 0x425fa60}
2019/10/21 14:02:09 session.go:50: sql: no rows in result set
2019/10/21 14:02:09 server.go:3055: http: superfluous response.WriteHeader call from github.com/tetsuzawa/go-3daudio/app/controllers.viewIndexHandler (index.go:48)
2019/10/21 14:03:36 main.go:15: &{0 {hrtf_data.sql 0xc0000ec2c0} 0 {0 0} [0xc000142000] map[] 0 1 0xc000024060 0xc000088180 false map[0xc000142000:map[0xc000142000:true]] map[] 0 0 0 <nil> 0 0 0 0x425fa60}
2019/10/21 14:03:40 session.go:50: sql: no rows in result set
2019/10/21 14:03:43 session.go:50: sql: no rows in result set
2019/10/21 14:03:43 session.go:53: sql: no rows in result set
2019/10/21 14:04:41 main.go:15: &{0 {hrtf_data.sql 0xc0000f42c0} 0 {0 0} [0xc000150000] map[] 0 1 0xc000100060 0xc0000ca360 false map[0xc000150000:map[0xc000150000:true]] map[] 0 0 0 <nil> 0 0 0 0x425fa50}
2019/10/21 14:04:44 session.go:50: sql: no rows in result set
2019/10/21 14:04:44 session.go:53: sql: no rows in result set
2019/10/21 14:04:51 session.go:50: sql: no rows in result set
2019/10/21 14:05:04 session.go:45: http: named cookie not present
2019/10/21 14:05:19 session.go:45: http: named cookie not present
2019/10/21 14:05:24 user.go:70: sql: no rows in result set
2019/10/21 14:05:24 session.go:50: sql: no rows in result set
2019/10/21 14:05:32 session.go:50: sql: no rows in result set
2019/10/21 14:05:32 session.go:50: sql: no rows in result set
2019/10/21 14:05:32 session.go:53: sql: no rows in result set
2019/10/21 14:05:32 session.go:50: sql: no rows in result set
2019/10/21 14:05:33 session.go:50: sql: no rows in result set
2019/10/21 14:05:33 session.go:50: sql: no rows in result set
2019/10/21 14:05:33 session.go:53: sql: no rows in result set
2019/10/21 14:05:33 session.go:50: sql: no rows in result set
2019/10/21 14:05:34 session.go:50: sql: no rows in result set
2019/10/21 14:05:34 session.go:50: sql: no rows in result set
2019/10/21 14:05:34 session.go:53: sql: no rows in result set
2019/10/21 14:05:34 session.go:50: sql: no rows in result set
2019/10/21 14:05:36 session.go:50: sql: no rows in result set
2019/10/21 14:05:36 session.go:50: sql: no rows in result set
2019/10/21 14:05:36 session.go:53: sql: no rows in result set
2019/10/21 14:05:36 session.go:50: sql: no rows in result set
2019/10/21 14:05:37 session.go:50: sql: no rows in result set
2019/10/21 14:05:37 session.go:50: sql: no rows in result set
2019/10/21 14:05:37 session.go:53: sql: no rows in result set
2019/10/21 14:05:37 session.go:50: sql: no rows in result set
2019/10/21 14:05:38 session.go:50: sql: no rows in result set
2019/10/21 14:05:40 session.go:50: sql: no rows in result set
2019/10/21 14:05:40 session.go:50: sql: no rows in result set
2019/10/21 14:05:41 session.go:50: sql: no rows in result set
2019/10/21 14:05:42 session.go:50: sql: no rows in result set
2019/10/21 14:05:43 session.go:50: sql: no rows in result set
2019/10/21 14:05:44 session.go:50: sql: no rows in result set
2019/10/21 14:05:44 session.go:50: sql: no rows in result set
2019/10/21 14:05:45 session.go:50: sql: no rows in result set
2019/10/21 14:06:34 main.go:15: &{0 {hrtf_data.sql 0xc0000e82c0} 0 {0 0} [0xc000140000] map[] 0 1 0xc00012a000 0xc0000b8060 false map[0xc000140000:map[0xc000140000:true]] map[] 0 0 0 <nil> 0 0 0 0x425fae0}
2019/10/21 14:06:48 session.go:50: sql: no rows in result set
2019/10/21 16:00:48 main.go:15: &{0 {hrtf_data.sql 0xc00000e300} 0 {0 0} [0xc000144000] map[] 0 1 0xc000126000 0xc000112060 false map[0xc000144000:map[0xc000144000:true]] map[] 0 0 0 <nil> 0 0 0 0x425fa50}
2019/10/21 16:01:00 session.go:50: sql: no rows in result set
2019/10/21 16:02:03 session.go:50: sql: no rows in result set
2019/10/21 16:02:25 session.go:50: sql: no rows in result set
2019/10/21 16:02:25 session.go:53: sql: no rows in result set
2019/10/21 16:04:54 session.go:50: sql: no rows in result set
2019/10/21 16:05:02 session.go:53: sql: no rows in result set
2019/10/21 16:06:01 user.go:70: sql: no rows in result set
2019/10/21 16:10:10 session.go:50: sql: no rows in result set
2019/10/21 16:23:52 main.go:15: &{0 {hrtf_data.sql 0xc0000fa2c0} 0 {0 0} [0xc00014a000] map[] 0 1 0xc000104060 0xc000092360 false map[0xc00014a000:map[0xc00014a000:true]] map[] 0 0 0 <nil> 0 0 0 0x425fa50}
2019/10/21 16:24:25 session.go:50: sql: no rows in result set
2019/10/21 16:26:45 session.go:50: sql: no rows in result set
2019/10/21 16:27:42 session.go:50: sql: no rows in result set
2019/10/21 16:27:42 session.go:53: sql: no rows in result set
2019/10/21 16:28:07 session.go:50: sql: no rows in result set
2019/10/21 16:28:07 session.go:53: sql: no rows in result set
2019/10/21 16:28:07 user.go:70: sql: no rows in result set
2019/10/21 16:28:08 session.go:50: sql: no rows in result set
2019/10/21 16:28:46 session.go:50: sql: no rows in result set
2019/10/21 16:28:47 session.go:50: sql: no rows in result set
2019/10/21 16:28:52 session.go:50: sql: no rows in result set
2019/10/21 16:29:05 session.go:50: sql: no rows in result set
2019/10/21 16:29:06 session.go:50: sql: no rows in result set
2019/10/21 16:29:08 session.go:50: sql: no rows in result set
2019/10/21 16:29:11 session.go:50: sql: no rows in result set
2019/10/21 16:29:20 main.go:15: &{0 {hrtf_data.sql 0xc0000f62c0} 0 {0 0} [0xc00014a000] map[] 0 1 0xc000104060 0xc0000922a0 false map[0xc00014a000:map[0xc00014a000:true]] map[] 0 0 0 <nil> 0 0 0 0x425fa50}
2019/10/21 16:29:35 session.go:50: sql: no rows in result set
2019/10/21 16:31:46 session.go:50: sql: no rows in result set
2019/10/21 16:33:59 session.go:50: sql: no rows in result set
2019/10/21 16:34:00 session.go:50: sql: no rows in result set
2019/10/21 16:34:01 session.go:50: sql: no rows in result set
2019/10/21 16:34:38 session.go:50: sql: no rows in result set
2019/10/21 16:34:41 session.go:50: sql: no rows in result set
2019/10/21 16:34:45 session.go:50: sql: no rows in result set
2019/10/21 16:35:01 main.go:15: &{0 {hrtf_data.sql 0xc0000de2c0} 0 {0 0} [0xc000148000] map[] 0 1 0xc00012c000 0xc0001160c0 false map[0xc000148000:map[0xc000148000:true]] map[] 0 0 0 <nil> 0 0 0 0x425fa50}
2019/10/21 16:35:09 session.go:50: sql: no rows in result set
2019/10/21 16:35:38 session.go:50: sql: no rows in result set
2019/10/21 16:36:29 session.go:50: sql: no rows in result set
2019/10/21 16:36:43 main.go:15: &{0 {hrtf_data.sql 0xc00000e300} 0 {0 0} [0xc000152000] map[] 0 1 0xc000140000 0xc000126060 false map[0xc000152000:map[0xc000152000:true]] map[] 0 0 0 <nil> 0 0 0 0x425fa50}
2019/10/21 16:37:30 session.go:50: sql: no rows in result set
2019/10/21 16:37:55 session.go:50: sql: no rows in result set
2019/10/21 16:38:28 main.go:15: &{0 {hrtf_data.sql 0xc0000c42e0} 0 {0 0} [0xc000154000] map[] 0 1 0xc000136000 0xc0000d4060 false map[0xc000154000:map[0xc000154000:true]] map[] 0 0 0 <nil> 0 0 0 0x425fa50}
2019/10/21 16:38:52 session.go:50: sql: no rows in result set
2019/10/21 16:44:02 session.go:50: sql: no rows in result set
2019/10/21 16:44:21 session.go:50: sql: no rows in result set
2019/10/21 16:44:22 session.go:50: sql: no rows in result set
2019/10/21 16:44:23 session.go:50: sql: no rows in result set
2019/10/21 16:44:23 session.go:50: sql: no rows in result set
2019/10/21 16:44:24 session.go:50: sql: no rows in result set
2019/10/21 16:44:25 session.go:50: sql: no rows in result set
2019/10/21 16:44:28 session.go:50: sql: no rows in result set
2019/10/21 16:44:28 session.go:50: sql: no rows in result set
2019/10/21 16:44:30 session.go:50: sql: no rows in result set
2019/10/21 16:47:30 main.go:15: &{0 {hrtf_data.sql 0xc00000e320} 0 {0 0} [0xc00013a000] map[] 0 1 0xc0000240c0 0xc00010e240 false map[0xc00013a000:map[0xc00013a000:true]] map[] 0 0 0 <nil> 0 0 0 0x425fa50}
2019/10/21 16:47:35 session.go:50: sql: no rows in result set
2019/10/21 16:47:48 session.go:50: sql: no rows in result set
2019/10/21 16:48:01 session.go:50: sql: no rows in result set
2019/10/21 16:48:07 session.go:50: sql: no rows in result set
2019/10/21 16:48:08 session.go:50: sql: no rows in result set
2019/10/21 16:48:12 session.go:50: sql: no rows in result set
2019/10/21 16:48:14 session.go:50: sql: no rows in result set
2019/10/21 16:48:23 session.go:50: sql: no rows in result set
2019/10/21 16:48:25 session.go:50: sql: no rows in result set
2019/10/21 16:48:29 session.go:50: sql: no rows in result set
2019/10/21 16:48:30 session.go:50: sql: no rows in result set
2019/10/21 16:48:31 session.go:50: sql: no rows in result set
2019/10/21 16:48:32 session.go:50: sql: no rows in result set
2019/10/21 16:50:29 main.go:15: &{0 {hrtf_data.sql 0xc00000e320} 0 {0 0} [0xc00011e000] map[] 0 1 0xc000024120 0xc0000ba300 false map[0xc00011e000:map[0xc00011e000:true]] map[] 0 0 0 <nil> 0 0 0 0x425fa50}
2019/10/21 16:52:48 session.go:50: sql: no rows in result set
2019/10/21 16:53:10 session.go:50: sql: no rows in result set
2019/10/21 16:53:13 session.go:50: sql: no rows in result set
2019/10/21 16:53:14 session.go:50: sql: no rows in result set
2019/10/21 16:53:16 session.go:50: sql: no rows in result set
2019/10/21 16:53:16 session.go:50: sql: no rows in result set
2019/10/21 16:53:17 session.go:50: sql: no rows in result set
2019/10/21 16:53:17 session.go:50: sql: no rows in result set
2019/10/21 16:53:17 session.go:50: sql: no rows in result set
2019/10/21 16:53:18 session.go:50: sql: no rows in result set
2019/10/21 16:53:19 session.go:50: sql: no rows in result set
2019/10/21 16:53:37 session.go:50: sql: no rows in result set
2019/10/21 16:53:38 session.go:50: sql: no rows in result set
2019/10/21 16:53:45 session.go:50: sql: no rows in result set
2019/10/21 16:53:47 session.go:50: sql: no rows in result set
2019/10/21 16:53:51 session.go:50: sql: no rows in result set
2019/10/21 16:54:11 session.go:50: sql: no rows in result set
2019/10/21 16:54:14 session.go:50: sql: no rows in result set
2019/10/21 16:54:14 session.go:53: sql: no rows in result set
2019/10/21 16:54:43 session.go:50: sql: no rows in result set
2019/10/21 16:54:43 session.go:53: sql: no rows in result set
2019/10/21 16:54:43 user.go:70: sql: no rows in result set
2019/10/21 16:57:39 session.go:50: sql: no rows in result set
2019/10/21 16:57:43 session.go:50: sql: no rows in result set
2019/10/21 16:57:43 session.go:53: sql: no rows in result set
2019/10/21 16:57:54 session.go:50: sql: no rows in result set
2019/10/21 16:57:54 session.go:53: sql: no rows in result set
2019/10/21 16:57:54 user.go:70: sql: no rows in result set
2019/10/21 17:03:34 main.go:15: &{0 {hrtf_data.sql 0xc0000f82c0} 0 {0 0} [0xc00015e000] map[] 0 1 0xc000142000 0xc0000ca060 false map[0xc00015e000:map[0xc00015e000:true]] map[] 0 0 0 <nil> 0 0 0 0x425fa50}
2019/10/21 17:06:01 main.go:15: &{0 {hrtf_data.sql 0xc0000bc2e0} 0 {0 0} [0xc000142000] map[] 0 1 0xc000124000 0xc0000ca060 false map[0xc000142000:map[0xc000142000:true]] map[] 0 0 0 <nil> 0 0 0 0x425fa50}
2019/10/21 17:06:38 session.go:50: sql: no rows in result set
2019/10/21 17:06:51 session.go:50: sql: no rows in result set
2019/10/21 17:06:51 session.go:53: sql: no rows in result set
2019/10/21 17:07:13 session.go:50: sql: no rows in result set
2019/10/21 17:07:13 session.go:53: sql: no rows in result set
2019/10/21 17:07:40 user.go:70: sql: no rows in result set
2019/10/21 17:08:03 session.go:50: sql: no rows in result set
2019/10/21 17:08:07 session.go:45: http: named cookie not present
2019/10/21 17:08:13 session.go:50: sql: no rows in result set
2019/10/21 17:08:16 session.go:50: sql: no rows in result set
2019/10/21 17:08:42 session.go:45: http: named cookie not present
2019/10/21 17:08:42 user.go:70: sql: no rows in result set
2019/10/21 17:12:03 main.go:15: &{0 {hrtf_data.sql 0xc00000e300} 0 {0 0} [0xc000136000] map[] 0 1 0xc0000240c0 0xc000088360 false map[0xc000136000:map[0xc000136000:true]] map[] 0 0 0 <nil> 0 0 0 0x425fa50}
2019/10/21 17:15:45 session.go:50: sql: no rows in result set
2019/10/21 17:16:09 session.go:50: sql: no rows in result set
2019/10/21 17:17:00 session.go:53: sql: no rows in result set
2019/10/21 17:18:36 session.go:50: sql: no rows in result set
2019/10/21 17:18:36 session.go:53: sql: no rows in result set
2019/10/21 17:20:39 main.go:15: &{0 {hrtf_data.sql 0xc0000ee2c0} 0 {0 0} [0xc00015a000] map[] 0 1 0xc00013a000 0xc0000c0060 false map[0xc00015a000:map[0xc00015a000:true]] map[] 0 0 0 <nil> 0 0 0 0x425fa50}
2019/10/21 17:20:52 session.go:50: sql: no rows in result set
2019/10/21 17:21:56 session.go:50: sql: no rows in result set
2019/10/21 17:21:58 session.go:53: sql: no rows in result set
2019/10/21 17:23:04 session.go:50: sql: no rows in result set
2019/10/21 17:23:05 session.go:53: sql: no rows in result set
2019/10/21 17:23:12 user.go:70: sql: no rows in result set
2019/10/21 17:30:05 main.go:15: &{0 {hrtf_data.sql 0xc00000e300} 0 {0 0} [0xc000146000] map[] 0 1 0xc000126000 0xc000128000 false map[0xc000146000:map[0xc000146000:true]] map[] 0 0 0 <nil> 0 0 0 0x425fb90}
2019/10/21 17:34:44 main.go:15: &{0 {hrtf_data.sql 0xc0000b62e0} 0 {0 0} [0xc000140000] map[] 0 1 0xc00011e000 0xc000120000 false map[0xc000140000:map[0xc000140000:true]] map[] 0 0 0 <nil> 0 0 0 0x425fb90}
2019/10/21 17:35:09 main.go:15: &{0 {hrtf_data.sql 0xc0000e22c0} 0 {0 0} [0xc00014a000] map[] 0 1 0xc0000ee060 0xc0000b8300 false map[0xc00014a000:map[0xc00014a000:true]] map[] 0 0 0 <nil> 0 0 0 0x425fb90}
2019/10/21 17:40:55 main.go:15: &{0 {hrtf_data.sql 0xc0000e82c0} 0 {0 0} [0xc000150000] map[] 0 1 0xc0000f4060 0xc0000b8360 false map[0xc000150000:map[0xc000150000:true]] map[] 0 0 0 <nil> 0 0 0 0x425fb90}
2019/10/21 17:42:53 server.go:3055: http: superfluous response.WriteHeader call from github.com/tetsuzawa/go-3daudio/app/controllers.viewHRTFHandler (hrtf.go:140)
2019/10/21 17:45:03 server.go:3055: http: superfluous response.WriteHeader call from github.com/tetsuzawa/go-3daudio/app/controllers.viewHRTFHandler (hrtf.go:140)
2019/10/21 17:45:21 main.go:15: &{0 {hrtf_data.sql 0xc0000e22c0} 0 {0 0} [0xc000140000] map[] 0 1 0xc00012c000 0xc0000b6120 false map[0xc000140000:map[0xc000140000:true]] map[] 0 0 0 <nil> 0 0 0 0x425fb90}
2019/10/21 17:46:20 session.go:50: sql: no rows in result set
2019/10/21 17:46:28 session.go:50: sql: no rows in result set
2019/10/21 17:46:28 session.go:53: sql: no rows in result set
2019/10/21 17:46:55 session.go:50: sql: no rows in result set
2019/10/21 17:46:55 session.go:53: sql: no rows in result set
2019/10/21 17:46:55 user.go:70: sql: no rows in result set
2019/10/21 17:48:17 session.go:50: sql: no rows in result set
2019/10/21 17:48:32 main.go:15: &{0 {hrtf_data.sql 0xc0000d62c0} 0 {0 0} [0xc000138000] map[] 0 1 0xc000126000 0xc000128000 false map[0xc000138000:map[0xc000138000:true]] map[] 0 0 0 <nil> 0 0 0 0x41c0e30}
2019/10/21 17:48:39 session.go:50: sql: no rows in result set
2019/10/21 17:48:39 session.go:53: sql: no rows in result set
2019/10/21 17:48:43 session.go:50: sql: no rows in result set
2019/10/21 17:48:43 session.go:53: sql: no rows in result set
2019/10/21 17:48:43 session.go:50: sql: no rows in result set
2019/10/21 17:48:43 session.go:50: sql: no rows in result set
2019/10/21 17:48:46 session.go:50: sql: no rows in result set
2019/10/21 17:48:46 session.go:53: sql: no rows in result set
2019/10/21 17:48:56 session.go:50: sql: no rows in result set
2019/10/21 17:48:56 session.go:53: sql: no rows in result set
2019/10/21 17:48:56 user.go:70: sql: no rows in result set
2019/10/21 17:48:58 hrtf.go:115: http: named cookie not present
2019/10/21 17:50:57 session.go:50: sql: no rows in result set
2019/10/21 17:50:57 session.go:50: sql: no rows in result set
2019/10/21 17:50:57 session.go:50: sql: no rows in result set
2019/10/21 17:51:00 session.go:50: sql: no rows in result set
2019/10/21 17:51:00 session.go:53: sql: no rows in result set
2019/10/21 17:51:27 session.go:50: sql: no rows in result set
2019/10/21 17:51:27 session.go:53: sql: no rows in result set
2019/10/21 17:51:27 user.go:70: sql: no rows in result set
2019/10/21 17:51:29 hrtf.go:115: http: named cookie not present
2019/10/21 17:51:36 session.go:50: sql: no rows in result set
2019/10/21 17:51:36 session.go:50: sql: no rows in result set
2019/10/21 17:51:36 session.go:50: sql: no rows in result set
2019/10/21 17:51:36 session.go:50: sql: no rows in result set
2019/10/21 17:51:36 session.go:50: sql: no rows in result set
2019/10/21 17:51:36 session.go:50: sql: no rows in result set
2019/10/21 17:51:36 session.go:50: sql: no rows in result set
2019/10/21 17:51:36 session.go:50: sql: no rows in result set
2019/10/21 17:51:36 session.go:50: sql: no rows in result set
2019/10/21 17:51:36 session.go:50: sql: no rows in result set
2019/10/21 17:51:37 session.go:50: sql: no rows in result set
2019/10/21 17:51:37 session.go:50: sql: no rows in result set
2019/10/21 18:55:44 main.go:15: &{0 {hrtf_data.sql 0xc0000e42c0} 0 {0 0} [0xc000148000] map[] 0 1 0xc000138000 0xc00013a000 false map[0xc000148000:map[0xc000148000:true]] map[] 0 0 0 <nil> 0 0 0 0x41c0c50}
2019/10/21 18:56:09 main.go:15: &{0 {hrtf_data.sql 0xc0000b62e0} 0 {0 0} [0xc000136000] map[] 0 1 0xc0000960c0 0xc0000c0300 false map[0xc000136000:map[0xc000136000:true]] map[] 0 0 0 <nil> 0 0 0 0x41c0c50}
2019/10/21 18:56:27 session.go:50: sql: no rows in result set
2019/10/21 18:56:27 session.go:50: sql: no rows in result set
2019/10/21 18:56:27 session.go:50: sql: no rows in result set
2019/10/21 18:56:30 session.go:50: sql: no rows in result set
2019/10/21 18:56:30 session.go:54: sql: no rows in result set
2019/10/21 18:56:38 session.go:50: sql: no rows in result set
2019/10/21 18:56:38 session.go:54: sql: no rows in result set
2019/10/21 18:56:58 session.go:50: sql: no rows in result set
2019/10/21 18:56:58 session.go:50: sql: no rows in result set
2019/10/21 18:56:58 session.go:50: sql: no rows in result set
2019/10/21 18:56:58 session.go:50: sql: no rows in result set
2019/10/21 18:56:58 session.go:50: sql: no rows in result set
2019/10/21 18:56:58 session.go:50: sql: no rows in result set
2019/10/21 18:56:58 session.go:50: sql: no rows in result set
2019/10/21 18:56:58 session.go:50: sql: no rows in result set
2019/10/21 18:56:58 session.go:50: sql: no rows in result set
2019/10/21 18:56:58 session.go:50: sql: no rows in result set
2019/10/21 19:05:18 session.go:50: sql: no rows in result set
2019/10/21 19:05:18 session.go:50: sql: no rows in result set
2019/10/21 19:05:29 session.go:50: sql: no rows in result set
2019/10/21 19:05:29 session.go:50: sql: no rows in result set
2019/10/21 19:05:29 session.go:50: sql: no rows in result set
2019/10/21 19:05:29 session.go:50: sql: no rows in result set
2019/10/21 19:05:31 session.go:50: sql: no rows in result set
2019/10/21 19:05:31 session.go:54: sql: no rows in result set
2019/10/21 19:05:43 session.go:50: sql: no rows in result set
2019/10/21 19:05:43 session.go:54: sql: no rows in result set
2019/10/21 19:05:43 user.go:70: sql: no rows in result set
2019/10/21 19:05:50 session.go:50: sql: no rows in result set
2019/10/21 19:05:50 session.go:54: sql: no rows in result set
2019/10/21 19:05:56 session.go:50: sql: no rows in result set
2019/10/21 19:05:56 session.go:50: sql: no rows in result set
2019/10/21 19:05:56 session.go:50: sql: no rows in result set
2019/10/21 19:05:56 session.go:50: sql: no rows in result set
2019/10/21 19:05:56 session.go:50: sql: no rows in result set
2019/10/21 19:05:56 session.go:50: sql: no rows in result set
2019/10/21 19:05:56 session.go:50: sql: no rows in result set
2019/10/21 19:05:56 session.go:50: sql: no rows in result set
2019/10/21 19:05:56 session.go:50: sql: no rows in result set
2019/10/21 19:05:56 session.go:50: sql: no rows in result set
2019/10/21 19:06:05 session.go:50: sql: no rows in result set
2019/10/21 19:06:05 session.go:54: sql: no rows in result set
2019/10/21 19:06:05 user.go:70: sql: no rows in result set
2019/10/21 19:06:05 session.go:50: sql: no rows in result set
2019/10/21 19:06:05 session.go:50: sql: no rows in result set
2019/10/21 19:06:08 hrtf.go:115: http: named cookie not present
2019/10/21 19:27:37 session.go:50: sql: no rows in result set
2019/10/21 19:27:37 session.go:50: sql: no rows in result set
2019/10/21 19:27:37 session.go:50: sql: no rows in result set
2019/10/21 19:27:40 session.go:50: sql: no rows in result set
2019/10/21 19:27:41 session.go:46: http: named cookie not present
2019/10/21 19:27:53 session.go:46: http: named cookie not present
2019/10/21 19:27:53 user.go:70: sql: no rows in result set
2019/10/21 19:27:57 session.go:46: http: named cookie not present
2019/10/21 19:27:58 session.go:50: sql: no rows in result set
2019/10/21 19:27:58 session.go:50: sql: no rows in result set
2019/10/21 19:27:58 session.go:50: sql: no rows in result set
2019/10/21 19:27:58 session.go:50: sql: no rows in result set
2019/10/21 19:27:58 session.go:50: sql: no rows in result set
2019/10/21 19:27:58 session.go:50: sql: no rows in result set
2019/10/21 19:27:58 session.go:50: sql: no rows in result set
2019/10/21 19:27:58 session.go:50: sql: no rows in result set
2019/10/21 19:27:58 session.go:50: sql: no rows in result set
2019/10/21 19:27:58 session.go:50: sql: no rows in result set
2019/10/21 19:27:59 session.go:50: sql: no rows in result set
2019/10/21 19:27:59 session.go:50: sql: no rows in result set
2019/10/21 19:27:59 session.go:50: sql: no rows in result set
2019/10/21 19:27:59 session.go:54: sql: no rows in result set
2019/10/21 19:27:59 session.go:50: sql: no rows in result set
2019/10/21 19:27:59 session.go:50: sql: no rows in result set
2019/10/21 19:28:09 session.go:50: sql: no rows in result set
2019/10/21 19:28:09 session.go:54: sql: no rows in result set
2019/10/21 19:28:09 user.go:70: sql: no rows in result set
2019/10/21 19:28:10 session.go:50: sql: no rows in result set
2019/10/21 19:28:10 session.go:50: sql: no rows in result set
2019/10/21 19:28:10 session.go:54: sql: no rows in result set
2019/10/21 19:28:10 session.go:50: sql: no rows in result set
2019/10/21 19:28:13 session.go:50: sql: no rows in result set
2019/10/21 19:28:13 session.go:50: sql: no rows in result set
2019/10/21 19:28:13 session.go:54: sql: no rows in result set
2019/10/21 19:28:13 session.go:50: sql: no rows in result set
2019/10/21 19:28:14 session.go:50: sql: no rows in result set
2019/10/21 19:28:14 session.go:50: sql: no rows in result set
2019/10/21 19:28:14 session.go:54: sql: no rows in result set
2019/10/21 19:28:14 session.go:50: sql: no rows in result set
2019/10/21 19:28:14 session.go:50: sql: no rows in result set
2019/10/21 19:28:14 session.go:50: sql: no rows in result set
2019/10/21 19:28:14 session.go:54: sql: no rows in result set
2019/10/21 19:28:14 session.go:50: sql: no rows in result set
2019/10/21 19:28:14 session.go:50: sql: no rows in result set
2019/10/21 19:28:14 session.go:50: sql: no rows in result set
2019/10/21 19:28:14 session.go:54: sql: no rows in result set
2019/10/21 19:28:14 session.go:50: sql: no rows in result set
2019/10/21 19:28:14 session.go:50: sql: no rows in result set
2019/10/21 19:28:14 session.go:50: sql: no rows in result set
2019/10/21 19:28:14 session.go:54: sql: no rows in result set
2019/10/21 19:28:14 session.go:50: sql: no rows in result set
2019/10/21 19:28:15 session.go:50: sql: no rows in result set
2019/10/21 19:28:15 session.go:50: sql: no rows in result set
2019/10/21 19:28:15 session.go:54: sql: no rows in result set
2019/10/21 19:28:15 session.go:50: sql: no rows in result set
2019/10/21 19:28:15 session.go:50: sql: no rows in result set
2019/10/21 19:28:15 session.go:50: sql: no rows in result set
2019/10/21 19:28:15 session.go:54: sql: no rows in result set
2019/10/21 19:28:15 session.go:50: sql: no rows in result set
2019/10/21 19:28:15 session.go:50: sql: no rows in result set
2019/10/21 19:28:15 session.go:50: sql: no rows in result set
2019/10/21 19:28:15 session.go:54: sql: no rows in result set
2019/10/21 19:28:15 session.go:50: sql: no rows in result set
2019/10/21 19:28:16 session.go:50: sql: no rows in result set
2019/10/21 19:28:16 session.go:50: sql: no rows in result set
2019/10/21 19:28:16 session.go:54: sql: no rows in result set
2019/10/21 19:28:16 session.go:50: sql: no rows in result set
2019/10/21 19:28:16 session.go:50: sql: no rows in result set
2019/10/21 19:28:16 session.go:50: sql: no rows in result set
2019/10/21 19:28:16 session.go:54: sql: no rows in result set
2019/10/21 19:28:16 session.go:50: sql: no rows in result set
2019/10/21 19:28:16 session.go:50: sql: no rows in result set
2019/10/21 19:28:16 session.go:50: sql: no rows in result set
2019/10/21 19:28:16 session.go:54: sql: no rows in result set
2019/10/21 19:28:16 session.go:50: sql: no rows in result set
2019/10/21 19:28:16 session.go:50: sql: no rows in result set
2019/10/21 19:28:16 session.go:50: sql: no rows in result set
2019/10/21 19:28:16 session.go:54: sql: no rows in result set
2019/10/21 19:28:16 session.go:50: sql: no rows in result set
2019/10/21 19:28:20 session.go:50: sql: no rows in result set
2019/10/21 19:28:21 session.go:50: sql: no rows in result set
2019/10/21 19:28:22 session.go:50: sql: no rows in result set
2019/10/21 21:22:28 main.go:15: &{0 {hrtf_data.sql 0xc0000d62c0} 0 {0 0} [0xc000138000] map[] 0 1 0xc00012a000 0xc000116060 false map[0xc000138000:map[0xc000138000:true]] map[] 0 0 0 <nil> 0 0 0 0x41c0c50}
2019/10/21 21:22:33 session.go:50: sql: no rows in result set
2019/10/21 21:22:36 session.go:46: http: named cookie not present
2019/10/21 21:22:45 session.go:46: http: named cookie not present
2019/10/21 21:22:49 session.go:50: sql: no rows in result set
2019/10/21 21:22:49 session.go:50: sql: no rows in result set
2019/10/21 21:22:49 session.go:54: sql: no rows in result set
2019/10/21 21:22:49 session.go:50: sql: no rows in result set
2019/10/21 21:24:25 session.go:50: sql: no rows in result set
2019/10/21 21:24:25 session.go:50: sql: no rows in result set
2019/10/21 21:24:25 session.go:54: sql: no rows in result set
2019/10/21 21:24:25 session.go:50: sql: no rows in result set
